<?xml version="1.0" encoding="UTF-8" standalone="yes"?><!DOCTYPE report PUBLIC "-//JACOCO//DTD Report 1.1//EN" "report.dtd">
<report name="reducted">
    <sessioninfo id="object-b3f34852" start="1690505761615" dump="1690505796934"/>
    <package name="reducted">
        <class name="reducted" sourcefilename="reducted">
            <method name="reducted" desc="reducted" line="23">
                <counter type="INSTRUCTION" missed="0" covered="4"/>
                <counter type="LINE" missed="0" covered="1"/>
                <counter type="COMPLEXITY" missed="0" covered="1"/>
                <counter type="METHOD" missed="0" covered="1"/>
            </method>
            <counter type="INSTRUCTION" missed="0" covered="4"/>
            <counter type="LINE" missed="0" covered="1"/>
            <counter type="COMPLEXITY" missed="0" covered="1"/>
            <counter type="METHOD" missed="0" covered="1"/>
            <counter type="CLASS" missed="0" covered="1"/>
        </class>
        <class name="reducted"
               sourcefilename="reducted">
            <method name="reducted" desc="reducted" line="23">
                <counter type="INSTRUCTION" missed="0" covered="21"/>
                <counter type="LINE" missed="0" covered="4"/>
                <counter type="COMPLEXITY" missed="0" covered="1"/>
                <counter type="METHOD" missed="0" covered="1"/>
            </method>
            <counter type="INSTRUCTION" missed="0" covered="21"/>
            <counter type="LINE" missed="0" covered="4"/>
            <counter type="COMPLEXITY" missed="0" covered="1"/>
            <counter type="METHOD" missed="0" covered="1"/>
            <counter type="CLASS" missed="0" covered="1"/>
        </class>
        <class name="reducted"
               sourcefilename="reducted">
            <method name="reducted" desc="reducted" line="36">
                <counter type="INSTRUCTION" missed="0" covered="21"/>
                <counter type="LINE" missed="0" covered="5"/>
                <counter type="COMPLEXITY" missed="0" covered="1"/>
                <counter type="METHOD" missed="0" covered="1"/>
            </method>
            <counter type="INSTRUCTION" missed="0" covered="21"/>
            <counter type="LINE" missed="0" covered="5"/>
            <counter type="COMPLEXITY" missed="0" covered="1"/>
            <counter type="METHOD" missed="0" covered="1"/>
            <counter type="CLASS" missed="0" covered="1"/>
        </class>
        <class name="reducted" sourcefilename="reducted"/>
        <class name="reducted"
               sourcefilename="reducted">
            <method name="reducted" desc="reducted" line="24">
                <counter type="INSTRUCTION" missed="0" covered="4"/>
                <counter type="LINE" missed="0" covered="1"/>
                <counter type="COMPLEXITY" missed="0" covered="1"/>
                <counter type="METHOD" missed="0" covered="1"/>
            </method>
            <counter type="INSTRUCTION" missed="0" covered="4"/>
            <counter type="LINE" missed="0" covered="1"/>
            <counter type="COMPLEXITY" missed="0" covered="1"/>
            <counter type="METHOD" missed="0" covered="1"/>
            <counter type="CLASS" missed="0" covered="1"/>
        </class>
        <class name="reducted" sourcefilename="reducted"/>
        <class name="reducted" sourcefilename="reducted">
            <method name="reducted" desc="reducted" line="46">
                <counter type="INSTRUCTION" missed="0" covered="37"/>
                <counter type="LINE" missed="0" covered="8"/>
                <counter type="COMPLEXITY" missed="0" covered="1"/>
                <counter type="METHOD" missed="0" covered="1"/>
            </method>
            <method name="reducted" desc="reducted" line="57">
                <counter type="INSTRUCTION" missed="0" covered="7"/>
                <counter type="BRANCH" missed="0" covered="2"/>
                <counter type="LINE" missed="0" covered="3"/>
                <counter type="COMPLEXITY" missed="0" covered="2"/>
                <counter type="METHOD" missed="0" covered="1"/>
            </method>
            <counter type="INSTRUCTION" missed="0" covered="44"/>
            <counter type="BRANCH" missed="0" covered="2"/>
            <counter type="LINE" missed="0" covered="11"/>
            <counter type="COMPLEXITY" missed="0" covered="3"/>
            <counter type="METHOD" missed="0" covered="2"/>
            <counter type="CLASS" missed="0" covered="1"/>
        </class>
        <class name="reducted" sourcefilename="reducted">
            <method name="reducted" desc="reducted" line="25">
                <counter type="INSTRUCTION" missed="0" covered="2"/>
                <counter type="LINE" missed="0" covered="1"/>
                <counter type="COMPLEXITY" missed="0" covered="1"/>
                <counter type="METHOD" missed="0" covered="1"/>
            </method>
            <method name="reducted" desc="reducted" line="29">
                <counter type="INSTRUCTION" missed="0" covered="17"/>
                <counter type="LINE" missed="0" covered="3"/>
                <counter type="COMPLEXITY" missed="0" covered="1"/>
                <counter type="METHOD" missed="0" covered="1"/>
            </method>
            <method name="reducted" desc="reducted" line="28">
                <counter type="INSTRUCTION" missed="0" covered="3"/>
                <counter type="LINE" missed="0" covered="1"/>
                <counter type="COMPLEXITY" missed="0" covered="1"/>
                <counter type="METHOD" missed="0" covered="1"/>
            </method>
            <counter type="INSTRUCTION" missed="0" covered="22"/>
            <counter type="LINE" missed="0" covered="5"/>
            <counter type="COMPLEXITY" missed="0" covered="3"/>
            <counter type="METHOD" missed="0" covered="3"/>
            <counter type="CLASS" missed="0" covered="1"/>
        </class>
        <class name="reducted" sourcefilename="reducted">
            <method name="reducted" desc="reducted" line="35">
                <counter type="INSTRUCTION" missed="0" covered="6"/>
                <counter type="LINE" missed="0" covered="1"/>
                <counter type="COMPLEXITY" missed="0" covered="1"/>
                <counter type="METHOD" missed="0" covered="1"/>
            </method>
            <method name="reducted" desc="reducted" line="39">
                <counter type="INSTRUCTION" missed="0" covered="4"/>
                <counter type="LINE" missed="0" covered="1"/>
                <counter type="COMPLEXITY" missed="0" covered="1"/>
                <counter type="METHOD" missed="0" covered="1"/>
            </method>
            <counter type="INSTRUCTION" missed="0" covered="10"/>
            <counter type="LINE" missed="0" covered="2"/>
            <counter type="COMPLEXITY" missed="0" covered="2"/>
            <counter type="METHOD" missed="0" covered="2"/>
            <counter type="CLASS" missed="0" covered="1"/>
        </class>
        <class name="reducted"
               sourcefilename="reducted">
            <method name="reducted" desc="reducted"
                    line="31">
                <counter type="INSTRUCTION" missed="0" covered="13"/>
                <counter type="LINE" missed="0" covered="3"/>
                <counter type="COMPLEXITY" missed="0" covered="1"/>
                <counter type="METHOD" missed="0" covered="1"/>
            </method>
            <counter type="INSTRUCTION" missed="0" covered="13"/>
            <counter type="LINE" missed="0" covered="3"/>
            <counter type="COMPLEXITY" missed="0" covered="1"/>
            <counter type="METHOD" missed="0" covered="1"/>
            <counter type="CLASS" missed="0" covered="1"/>
        </class>
        <class name="reducted" sourcefilename="reducted">
            <method name="reducted" desc="reducted" line="26">
                <counter type="INSTRUCTION" missed="0" covered="3"/>
                <counter type="LINE" missed="0" covered="1"/>
                <counter type="COMPLEXITY" missed="0" covered="1"/>
                <counter type="METHOD" missed="0" covered="1"/>
            </method>
            <method name="reducted"
                    desc="reducted"
                    line="35">
                <counter type="INSTRUCTION" missed="0" covered="13"/>
                <counter type="LINE" missed="0" covered="1"/>
                <counter type="COMPLEXITY" missed="0" covered="1"/>
                <counter type="METHOD" missed="0" covered="1"/>
            </method>
            <method name="reducted"
                    desc="reducted" line="43">
                <counter type="INSTRUCTION" missed="0" covered="67"/>
                <counter type="BRANCH" missed="0" covered="2"/>
                <counter type="LINE" missed="0" covered="16"/>
                <counter type="COMPLEXITY" missed="0" covered="2"/>
                <counter type="METHOD" missed="0" covered="1"/>
            </method>
            <method name="reducted"
                    desc="reducted" line="72">
                <counter type="INSTRUCTION" missed="0" covered="22"/>
                <counter type="LINE" missed="0" covered="6"/>
                <counter type="COMPLEXITY" missed="0" covered="1"/>
                <counter type="METHOD" missed="0" covered="1"/>
            </method>
            <method name="reducted" desc="reducted" line="84">
                <counter type="INSTRUCTION" missed="0" covered="24"/>
                <counter type="LINE" missed="0" covered="7"/>
                <counter type="COMPLEXITY" missed="0" covered="1"/>
                <counter type="METHOD" missed="0" covered="1"/>
            </method>
            <method name="reducted" desc="reducted" line="96">
                <counter type="INSTRUCTION" missed="0" covered="17"/>
                <counter type="LINE" missed="0" covered="5"/>
                <counter type="COMPLEXITY" missed="0" covered="1"/>
                <counter type="METHOD" missed="0" covered="1"/>
            </method>
            <method name="reducted"
                    desc="reducted"
                    line="107">
                <counter type="INSTRUCTION" missed="0" covered="24"/>
                <counter type="LINE" missed="0" covered="7"/>
                <counter type="COMPLEXITY" missed="0" covered="1"/>
                <counter type="METHOD" missed="0" covered="1"/>
            </method>
            <method name="reducted" desc="reducted" line="124">
                <counter type="INSTRUCTION" missed="0" covered="21"/>
                <counter type="LINE" missed="0" covered="6"/>
                <counter type="COMPLEXITY" missed="0" covered="1"/>
                <counter type="METHOD" missed="0" covered="1"/>
            </method>
            <method name="reducted" desc="reducted" line="132">
                <counter type="INSTRUCTION" missed="0" covered="24"/>
                <counter type="LINE" missed="0" covered="7"/>
                <counter type="COMPLEXITY" missed="0" covered="1"/>
                <counter type="METHOD" missed="0" covered="1"/>
            </method>
            <method name="reducted" desc="reducted" line="142">
                <counter type="INSTRUCTION" missed="0" covered="21"/>
                <counter type="LINE" missed="0" covered="6"/>
                <counter type="COMPLEXITY" missed="0" covered="1"/>
                <counter type="METHOD" missed="0" covered="1"/>
            </method>
            <method name="reducted" desc="reducted" line="150">
                <counter type="INSTRUCTION" missed="0" covered="17"/>
                <counter type="LINE" missed="0" covered="4"/>
                <counter type="COMPLEXITY" missed="0" covered="1"/>
                <counter type="METHOD" missed="0" covered="1"/>
            </method>
            <method name="reducted" desc="reducted" line="158">
                <counter type="INSTRUCTION" missed="0" covered="17"/>
                <counter type="LINE" missed="0" covered="4"/>
                <counter type="COMPLEXITY" missed="0" covered="1"/>
                <counter type="METHOD" missed="0" covered="1"/>
            </method>
            <method name="reducted" desc="reducted" line="165">
                <counter type="INSTRUCTION" missed="0" covered="17"/>
                <counter type="LINE" missed="0" covered="4"/>
                <counter type="COMPLEXITY" missed="0" covered="1"/>
                <counter type="METHOD" missed="0" covered="1"/>
            </method>
            <method name="reducted" desc="reducted" line="172">
                <counter type="INSTRUCTION" missed="0" covered="13"/>
                <counter type="LINE" missed="0" covered="3"/>
                <counter type="COMPLEXITY" missed="0" covered="1"/>
                <counter type="METHOD" missed="0" covered="1"/>
            </method>
            <method name="reducted" desc="reducted" line="178">
                <counter type="INSTRUCTION" missed="0" covered="17"/>
                <counter type="LINE" missed="0" covered="4"/>
                <counter type="COMPLEXITY" missed="0" covered="1"/>
                <counter type="METHOD" missed="0" covered="1"/>
            </method>
            <method name="reducted" desc="reducted" line="185">
                <counter type="INSTRUCTION" missed="0" covered="10"/>
                <counter type="LINE" missed="0" covered="2"/>
                <counter type="COMPLEXITY" missed="0" covered="1"/>
                <counter type="METHOD" missed="0" covered="1"/>
            </method>
            <method name="reducted" desc="reducted" line="190">
                <counter type="INSTRUCTION" missed="0" covered="13"/>
                <counter type="LINE" missed="0" covered="3"/>
                <counter type="COMPLEXITY" missed="0" covered="1"/>
                <counter type="METHOD" missed="0" covered="1"/>
            </method>
            <method name="reducted" desc="reducted" line="196">
                <counter type="INSTRUCTION" missed="0" covered="10"/>
                <counter type="LINE" missed="0" covered="2"/>
                <counter type="COMPLEXITY" missed="0" covered="1"/>
                <counter type="METHOD" missed="0" covered="1"/>
            </method>
            <method name="reducted" desc="reducted" line="201">
                <counter type="INSTRUCTION" missed="0" covered="10"/>
                <counter type="LINE" missed="0" covered="2"/>
                <counter type="COMPLEXITY" missed="0" covered="1"/>
                <counter type="METHOD" missed="0" covered="1"/>
            </method>
            <method name="reducted"
                    desc="reducted" line="214">
                <counter type="INSTRUCTION" missed="1" covered="33"/>
                <counter type="BRANCH" missed="1" covered="1"/>
                <counter type="LINE" missed="0" covered="10"/>
                <counter type="COMPLEXITY" missed="1" covered="1"/>
                <counter type="METHOD" missed="0" covered="1"/>
            </method>
            <method name="reducted" desc="reducted" line="235">
                <counter type="INSTRUCTION" missed="0" covered="21"/>
                <counter type="LINE" missed="0" covered="6"/>
                <counter type="COMPLEXITY" missed="0" covered="1"/>
                <counter type="METHOD" missed="0" covered="1"/>
            </method>
            <method name="reducted" desc="reducted" line="248">
                <counter type="INSTRUCTION" missed="0" covered="21"/>
                <counter type="LINE" missed="0" covered="6"/>
                <counter type="COMPLEXITY" missed="0" covered="1"/>
                <counter type="METHOD" missed="0" covered="1"/>
            </method>
            <method name="reducted" desc="reducted" line="261">
                <counter type="INSTRUCTION" missed="0" covered="13"/>
                <counter type="LINE" missed="0" covered="4"/>
                <counter type="COMPLEXITY" missed="0" covered="1"/>
                <counter type="METHOD" missed="0" covered="1"/>
            </method>
            <method name="reducted" desc="reducted" line="270">
                <counter type="INSTRUCTION" missed="0" covered="13"/>
                <counter type="LINE" missed="0" covered="4"/>
                <counter type="COMPLEXITY" missed="0" covered="1"/>
                <counter type="METHOD" missed="0" covered="1"/>
            </method>
            <method name="reducted" desc="reducted" line="281">
                <counter type="INSTRUCTION" missed="0" covered="13"/>
                <counter type="LINE" missed="0" covered="4"/>
                <counter type="COMPLEXITY" missed="0" covered="1"/>
                <counter type="METHOD" missed="0" covered="1"/>
            </method>
            <method name="reducted" desc="reducted" line="297">
                <counter type="INSTRUCTION" missed="0" covered="17"/>
                <counter type="BRANCH" missed="0" covered="2"/>
                <counter type="LINE" missed="0" covered="3"/>
                <counter type="COMPLEXITY" missed="0" covered="2"/>
                <counter type="METHOD" missed="0" covered="1"/>
            </method>
            <method name="reducted" desc="reducted" line="305">
                <counter type="INSTRUCTION" missed="0" covered="13"/>
                <counter type="LINE" missed="0" covered="3"/>
                <counter type="COMPLEXITY" missed="0" covered="1"/>
                <counter type="METHOD" missed="0" covered="1"/>
            </method>
            <method name="reducted" desc="reducted" line="313">
                <counter type="INSTRUCTION" missed="0" covered="12"/>
                <counter type="BRANCH" missed="0" covered="2"/>
                <counter type="LINE" missed="0" covered="4"/>
                <counter type="COMPLEXITY" missed="0" covered="2"/>
                <counter type="METHOD" missed="0" covered="1"/>
            </method>
            <method name="reducted"
                    desc="reducted" line="65">
                <counter type="INSTRUCTION" missed="6" covered="0"/>
                <counter type="LINE" missed="1" covered="0"/>
                <counter type="COMPLEXITY" missed="1" covered="0"/>
                <counter type="METHOD" missed="1" covered="0"/>
            </method>
            <method name="reducted"
                    desc="reducted"
                    line="36">
                <counter type="INSTRUCTION" missed="0" covered="11"/>
                <counter type="LINE" missed="0" covered="3"/>
                <counter type="COMPLEXITY" missed="0" covered="1"/>
                <counter type="METHOD" missed="0" covered="1"/>
            </method>
            <counter type="INSTRUCTION" missed="7" covered="527"/>
            <counter type="BRANCH" missed="1" covered="7"/>
            <counter type="LINE" missed="0" covered="137"/>
            <counter type="COMPLEXITY" missed="2" covered="32"/>
            <counter type="METHOD" missed="1" covered="29"/>
            <counter type="CLASS" missed="0" covered="1"/>
        </class>
        <class name="reducted" sourcefilename="reducted">
            <method name="reducted" desc="reducted" line="24">
                <counter type="INSTRUCTION" missed="0" covered="3"/>
                <counter type="LINE" missed="0" covered="1"/>
                <counter type="COMPLEXITY" missed="0" covered="1"/>
                <counter type="METHOD" missed="0" covered="1"/>
            </method>
            <method name="reducted"
                    desc="reducted" line="33">
                <counter type="INSTRUCTION" missed="0" covered="23"/>
                <counter type="LINE" missed="0" covered="5"/>
                <counter type="COMPLEXITY" missed="0" covered="1"/>
                <counter type="METHOD" missed="0" covered="1"/>
            </method>
            <method name="reducted"
                    desc="reducted"
                    line="44">
                <counter type="INSTRUCTION" missed="0" covered="28"/>
                <counter type="LINE" missed="0" covered="6"/>
                <counter type="COMPLEXITY" missed="0" covered="1"/>
                <counter type="METHOD" missed="0" covered="1"/>
            </method>
            <method name="reducted" desc="reducted"
                    line="61">
                <counter type="INSTRUCTION" missed="0" covered="30"/>
                <counter type="LINE" missed="0" covered="13"/>
                <counter type="COMPLEXITY" missed="0" covered="1"/>
                <counter type="METHOD" missed="0" covered="1"/>
            </method>
            <method name="reducted"
                    desc="reducted" line="74">
                <counter type="INSTRUCTION" missed="0" covered="6"/>
                <counter type="LINE" missed="0" covered="1"/>
                <counter type="COMPLEXITY" missed="0" covered="1"/>
                <counter type="METHOD" missed="0" covered="1"/>
            </method>
            <method name="reducted"
                    desc="reducted"
                    line="74">
                <counter type="INSTRUCTION" missed="0" covered="6"/>
                <counter type="LINE" missed="0" covered="1"/>
                <counter type="COMPLEXITY" missed="0" covered="1"/>
                <counter type="METHOD" missed="0" covered="1"/>
            </method>
            <method name="reducted"
                    desc="reducted" line="68">
                <counter type="INSTRUCTION" missed="0" covered="5"/>
                <counter type="LINE" missed="0" covered="1"/>
                <counter type="COMPLEXITY" missed="0" covered="1"/>
                <counter type="METHOD" missed="0" covered="1"/>
            </method>
            <method name="reducted"
                    desc="reducted" line="63">
                <counter type="INSTRUCTION" missed="0" covered="9"/>
                <counter type="BRANCH" missed="0" covered="2"/>
                <counter type="LINE" missed="0" covered="1"/>
                <counter type="COMPLEXITY" missed="0" covered="2"/>
                <counter type="METHOD" missed="0" covered="1"/>
            </method>
            <counter type="INSTRUCTION" missed="0" covered="110"/>
            <counter type="BRANCH" missed="0" covered="2"/>
            <counter type="LINE" missed="0" covered="25"/>
            <counter type="COMPLEXITY" missed="0" covered="9"/>
            <counter type="METHOD" missed="0" covered="8"/>
            <counter type="CLASS" missed="0" covered="1"/>
        </class>
        <class name="reducted"
               sourcefilename="reducted">
            <method name="reducted"
                    desc="reducted" line="25">
                <counter type="INSTRUCTION" missed="0" covered="20"/>
                <counter type="LINE" missed="0" covered="5"/>
                <counter type="COMPLEXITY" missed="0" covered="1"/>
                <counter type="METHOD" missed="0" covered="1"/>
            </method>
            <method name="reducted" desc="reducted" line="25">
                <counter type="INSTRUCTION" missed="0" covered="3"/>
                <counter type="LINE" missed="0" covered="1"/>
                <counter type="COMPLEXITY" missed="0" covered="1"/>
                <counter type="METHOD" missed="0" covered="1"/>
            </method>
            <counter type="INSTRUCTION" missed="0" covered="23"/>
            <counter type="LINE" missed="0" covered="5"/>
            <counter type="COMPLEXITY" missed="0" covered="2"/>
            <counter type="METHOD" missed="0" covered="2"/>
            <counter type="CLASS" missed="0" covered="1"/>
        </class>
        <class name="reducted" sourcefilename="reducted">
            <method name="reducted" desc="reducted"
                    line="26">
                <counter type="INSTRUCTION" missed="22" covered="0"/>
                <counter type="BRANCH" missed="7" covered="0"/>
                <counter type="LINE" missed="7" covered="0"/>
                <counter type="COMPLEXITY" missed="6" covered="0"/>
                <counter type="METHOD" missed="1" covered="0"/>
            </method>
            <method name="reducted"
                    desc="reducted"
                    line="44">
                <counter type="INSTRUCTION" missed="0" covered="4"/>
                <counter type="LINE" missed="0" covered="1"/>
                <counter type="COMPLEXITY" missed="0" covered="1"/>
                <counter type="METHOD" missed="0" covered="1"/>
            </method>
            <method name="reducted" desc="reducted" line="10">
                <counter type="INSTRUCTION" missed="0" covered="45"/>
                <counter type="LINE" missed="0" covered="8"/>
                <counter type="COMPLEXITY" missed="0" covered="1"/>
                <counter type="METHOD" missed="0" covered="1"/>
            </method>
            <counter type="INSTRUCTION" missed="22" covered="49"/>
            <counter type="BRANCH" missed="7" covered="0"/>
            <counter type="LINE" missed="7" covered="9"/>
            <counter type="COMPLEXITY" missed="6" covered="2"/>
            <counter type="METHOD" missed="1" covered="2"/>
            <counter type="CLASS" missed="0" covered="1"/>
        </class>
        <class name="reducted" sourcefilename="reducted">
            <method name="reducted" desc="reducted" line="76">
                <counter type="INSTRUCTION" missed="0" covered="9"/>
                <counter type="BRANCH" missed="0" covered="2"/>
                <counter type="LINE" missed="0" covered="1"/>
                <counter type="COMPLEXITY" missed="0" covered="2"/>
                <counter type="METHOD" missed="0" covered="1"/>
            </method>
            <method name="reducted" desc="reducted" line="81">
                <counter type="INSTRUCTION" missed="3" covered="29"/>
                <counter type="BRANCH" missed="1" covered="7"/>
                <counter type="LINE" missed="1" covered="6"/>
                <counter type="COMPLEXITY" missed="1" covered="6"/>
                <counter type="METHOD" missed="0" covered="1"/>
            </method>
            <method name="reducted" desc="reducted" line="94">
                <counter type="INSTRUCTION" missed="0" covered="4"/>
                <counter type="LINE" missed="0" covered="1"/>
                <counter type="COMPLEXITY" missed="0" covered="1"/>
                <counter type="METHOD" missed="0" covered="1"/>
            </method>
            <method name="reducted" desc="reducted" line="99">
                <counter type="INSTRUCTION" missed="0" covered="4"/>
                <counter type="LINE" missed="0" covered="1"/>
                <counter type="COMPLEXITY" missed="0" covered="1"/>
                <counter type="METHOD" missed="0" covered="1"/>
            </method>
            <method name="reducted" desc="reducted" line="103">
                <counter type="INSTRUCTION" missed="0" covered="4"/>
                <counter type="LINE" missed="0" covered="1"/>
                <counter type="COMPLEXITY" missed="0" covered="1"/>
                <counter type="METHOD" missed="0" covered="1"/>
            </method>
            <counter type="INSTRUCTION" missed="3" covered="50"/>
            <counter type="BRANCH" missed="1" covered="9"/>
            <counter type="LINE" missed="1" covered="10"/>
            <counter type="COMPLEXITY" missed="1" covered="11"/>
            <counter type="METHOD" missed="0" covered="5"/>
            <counter type="CLASS" missed="0" covered="1"/>
        </class>
        <class name="reducted" sourcefilename="reducted">
            <method name="reducted" desc="reducted" line="19">
                <counter type="INSTRUCTION" missed="0" covered="3"/>
                <counter type="LINE" missed="0" covered="1"/>
                <counter type="COMPLEXITY" missed="0" covered="1"/>
                <counter type="METHOD" missed="0" covered="1"/>
            </method>
            <method name="reducted" desc="reducted" line="25">
                <counter type="INSTRUCTION" missed="0" covered="26"/>
                <counter type="LINE" missed="0" covered="7"/>
                <counter type="COMPLEXITY" missed="0" covered="1"/>
                <counter type="METHOD" missed="0" covered="1"/>
            </method>
            <method name="reducted" desc="reducted" line="35">
                <counter type="INSTRUCTION" missed="1" covered="22"/>
                <counter type="BRANCH" missed="1" covered="1"/>
                <counter type="LINE" missed="0" covered="5"/>
                <counter type="COMPLEXITY" missed="1" covered="1"/>
                <counter type="METHOD" missed="0" covered="1"/>
            </method>
            <method name="reducted" desc="reducted"
                    line="45">
                <counter type="INSTRUCTION" missed="0" covered="38"/>
                <counter type="LINE" missed="0" covered="9"/>
                <counter type="COMPLEXITY" missed="0" covered="1"/>
                <counter type="METHOD" missed="0" covered="1"/>
            </method>
            <method name="reducted" desc="reducted" line="58">
                <counter type="INSTRUCTION" missed="1" covered="22"/>
                <counter type="BRANCH" missed="1" covered="1"/>
                <counter type="LINE" missed="0" covered="5"/>
                <counter type="COMPLEXITY" missed="1" covered="1"/>
                <counter type="METHOD" missed="0" covered="1"/>
            </method>
            <method name="reducted" desc="reducted" line="68">
                <counter type="INSTRUCTION" missed="0" covered="17"/>
                <counter type="LINE" missed="0" covered="5"/>
                <counter type="COMPLEXITY" missed="0" covered="1"/>
                <counter type="METHOD" missed="0" covered="1"/>
            </method>
            <method name="reducted" desc="reducted" line="76">
                <counter type="INSTRUCTION" missed="0" covered="17"/>
                <counter type="LINE" missed="0" covered="5"/>
                <counter type="COMPLEXITY" missed="0" covered="1"/>
                <counter type="METHOD" missed="0" covered="1"/>
            </method>
            <method name="reducted" desc="reducted" line="83">
                <counter type="INSTRUCTION" missed="0" covered="17"/>
                <counter type="LINE" missed="0" covered="5"/>
                <counter type="COMPLEXITY" missed="0" covered="1"/>
                <counter type="METHOD" missed="0" covered="1"/>
            </method>
            <method name="reducted" desc="reducted" line="91">
                <counter type="INSTRUCTION" missed="0" covered="17"/>
                <counter type="LINE" missed="0" covered="5"/>
                <counter type="COMPLEXITY" missed="0" covered="1"/>
                <counter type="METHOD" missed="0" covered="1"/>
            </method>
            <method name="reducted" desc="reducted" line="99">
                <counter type="INSTRUCTION" missed="0" covered="43"/>
                <counter type="BRANCH" missed="0" covered="2"/>
                <counter type="LINE" missed="0" covered="9"/>
                <counter type="COMPLEXITY" missed="0" covered="2"/>
                <counter type="METHOD" missed="0" covered="1"/>
            </method>
            <method name="reducted" desc="reducted" line="115">
                <counter type="INSTRUCTION" missed="0" covered="43"/>
                <counter type="BRANCH" missed="0" covered="2"/>
                <counter type="LINE" missed="0" covered="9"/>
                <counter type="COMPLEXITY" missed="0" covered="2"/>
                <counter type="METHOD" missed="0" covered="1"/>
            </method>
            <counter type="INSTRUCTION" missed="2" covered="265"/>
            <counter type="BRANCH" missed="2" covered="6"/>
            <counter type="LINE" missed="0" covered="65"/>
            <counter type="COMPLEXITY" missed="2" covered="13"/>
            <counter type="METHOD" missed="0" covered="11"/>
            <counter type="CLASS" missed="0" covered="1"/>
        </class>
        <class name="reducted" sourcefilename="reducted">
            <method name="reducted" desc="reducted" line="18">
                <counter type="INSTRUCTION" missed="0" covered="3"/>
                <counter type="LINE" missed="0" covered="1"/>
                <counter type="COMPLEXITY" missed="0" covered="1"/>
                <counter type="METHOD" missed="0" covered="1"/>
            </method>
            <method name="reducted" desc="reducted" line="24">
                <counter type="INSTRUCTION" missed="0" covered="13"/>
                <counter type="LINE" missed="0" covered="4"/>
                <counter type="COMPLEXITY" missed="0" covered="1"/>
                <counter type="METHOD" missed="0" covered="1"/>
            </method>
            <method name="reducted"
                    desc="reducted" line="31">
                <counter type="INSTRUCTION" missed="0" covered="23"/>
                <counter type="LINE" missed="0" covered="8"/>
                <counter type="COMPLEXITY" missed="0" covered="1"/>
                <counter type="METHOD" missed="0" covered="1"/>
            </method>
            <method name="reducted" desc="reducted" line="45">
                <counter type="INSTRUCTION" missed="0" covered="16"/>
                <counter type="LINE" missed="0" covered="6"/>
                <counter type="COMPLEXITY" missed="0" covered="1"/>
                <counter type="METHOD" missed="0" covered="1"/>
            </method>
            <method name="reducted" desc="reducted" line="55">
                <counter type="INSTRUCTION" missed="0" covered="13"/>
                <counter type="LINE" missed="0" covered="5"/>
                <counter type="COMPLEXITY" missed="0" covered="1"/>
                <counter type="METHOD" missed="0" covered="1"/>
            </method>
            <method name="reducted" desc="reducted" line="64">
                <counter type="INSTRUCTION" missed="0" covered="13"/>
                <counter type="LINE" missed="0" covered="5"/>
                <counter type="COMPLEXITY" missed="0" covered="1"/>
                <counter type="METHOD" missed="0" covered="1"/>
            </method>
            <method name="reducted" desc="reducted" line="73">
                <counter type="INSTRUCTION" missed="0" covered="13"/>
                <counter type="LINE" missed="0" covered="5"/>
                <counter type="COMPLEXITY" missed="0" covered="1"/>
                <counter type="METHOD" missed="0" covered="1"/>
            </method>
            <method name="reducted" desc="reducted" line="86">
                <counter type="INSTRUCTION" missed="0" covered="10"/>
                <counter type="LINE" missed="0" covered="3"/>
                <counter type="COMPLEXITY" missed="0" covered="1"/>
                <counter type="METHOD" missed="0" covered="1"/>
            </method>
            <counter type="INSTRUCTION" missed="0" covered="104"/>
            <counter type="LINE" missed="0" covered="37"/>
            <counter type="COMPLEXITY" missed="0" covered="8"/>
            <counter type="METHOD" missed="0" covered="8"/>
            <counter type="CLASS" missed="0" covered="1"/>
        </class>
        <class name="reducted" sourcefilename="reducted">
            <method name="reducted" desc="reducted" line="10">
                <counter type="INSTRUCTION" missed="0" covered="3"/>
                <counter type="LINE" missed="0" covered="1"/>
                <counter type="COMPLEXITY" missed="0" covered="1"/>
                <counter type="METHOD" missed="0" covered="1"/>
            </method>
            <method name="reducted" desc="reducted" line="15">
                <counter type="INSTRUCTION" missed="0" covered="3"/>
                <counter type="LINE" missed="0" covered="1"/>
                <counter type="COMPLEXITY" missed="0" covered="1"/>
                <counter type="METHOD" missed="0" covered="1"/>
            </method>
            <method name="reducted" desc="reducted" line="20">
                <counter type="INSTRUCTION" missed="0" covered="5"/>
                <counter type="LINE" missed="0" covered="2"/>
                <counter type="COMPLEXITY" missed="0" covered="1"/>
                <counter type="METHOD" missed="0" covered="1"/>
            </method>
            <counter type="INSTRUCTION" missed="0" covered="11"/>
            <counter type="LINE" missed="0" covered="4"/>
            <counter type="COMPLEXITY" missed="0" covered="3"/>
            <counter type="METHOD" missed="0" covered="3"/>
            <counter type="CLASS" missed="0" covered="1"/>
        </class>
        <class name="reducted" sourcefilename="reducted">
            <method name="reducted" desc="reducted" line="26">
                <counter type="INSTRUCTION" missed="0" covered="15"/>
                <counter type="LINE" missed="0" covered="3"/>
                <counter type="COMPLEXITY" missed="0" covered="1"/>
                <counter type="METHOD" missed="0" covered="1"/>
            </method>
            <counter type="INSTRUCTION" missed="0" covered="15"/>
            <counter type="LINE" missed="0" covered="3"/>
            <counter type="COMPLEXITY" missed="0" covered="1"/>
            <counter type="METHOD" missed="0" covered="1"/>
            <counter type="CLASS" missed="0" covered="1"/>
        </class>
        <class name="reducted" sourcefilename="reducted">
            <method name="reducted" desc="reducted" line="30">
                <counter type="INSTRUCTION" missed="0" covered="15"/>
                <counter type="LINE" missed="0" covered="2"/>
                <counter type="COMPLEXITY" missed="0" covered="1"/>
                <counter type="METHOD" missed="0" covered="1"/>
            </method>
            <counter type="INSTRUCTION" missed="0" covered="15"/>
            <counter type="LINE" missed="0" covered="2"/>
            <counter type="COMPLEXITY" missed="0" covered="1"/>
            <counter type="METHOD" missed="0" covered="1"/>
            <counter type="CLASS" missed="0" covered="1"/>
        </class>
        <class name="reducted" sourcefilename="reducted">
            <method name="reducted" desc="reducted" line="26">
                <counter type="INSTRUCTION" missed="0" covered="3"/>
                <counter type="LINE" missed="0" covered="1"/>
                <counter type="COMPLEXITY" missed="0" covered="1"/>
                <counter type="METHOD" missed="0" covered="1"/>
            </method>
            <method name="reducted"
                    desc="reducted"
                    line="32">
                <counter type="INSTRUCTION" missed="1" covered="27"/>
                <counter type="BRANCH" missed="1" covered="1"/>
                <counter type="LINE" missed="0" covered="8"/>
                <counter type="COMPLEXITY" missed="1" covered="1"/>
                <counter type="METHOD" missed="0" covered="1"/>
            </method>
            <method name="reducted" desc="reducted" line="43">
                <counter type="INSTRUCTION" missed="1" covered="22"/>
                <counter type="BRANCH" missed="1" covered="1"/>
                <counter type="LINE" missed="0" covered="3"/>
                <counter type="COMPLEXITY" missed="1" covered="1"/>
                <counter type="METHOD" missed="0" covered="1"/>
            </method>
            <method name="reducted" desc="reducted" line="66">
                <counter type="INSTRUCTION" missed="1" covered="28"/>
                <counter type="BRANCH" missed="1" covered="1"/>
                <counter type="LINE" missed="0" covered="6"/>
                <counter type="COMPLEXITY" missed="1" covered="1"/>
                <counter type="METHOD" missed="0" covered="1"/>
            </method>
            <method name="reducted"
                    desc="reducted" line="45">
                <counter type="INSTRUCTION" missed="0" covered="10"/>
                <counter type="LINE" missed="0" covered="4"/>
                <counter type="COMPLEXITY" missed="0" covered="1"/>
                <counter type="METHOD" missed="0" covered="1"/>
            </method>
            <counter type="INSTRUCTION" missed="3" covered="90"/>
            <counter type="BRANCH" missed="3" covered="3"/>
            <counter type="LINE" missed="0" covered="21"/>
            <counter type="COMPLEXITY" missed="3" covered="5"/>
            <counter type="METHOD" missed="0" covered="5"/>
            <counter type="CLASS" missed="0" covered="1"/>
        </class>
        <class name="reducted"
               sourcefilename="reducted">
            <method name="reducted" desc="reducted" line="40">
                <counter type="INSTRUCTION" missed="0" covered="15"/>
                <counter type="LINE" missed="0" covered="3"/>
                <counter type="COMPLEXITY" missed="0" covered="1"/>
                <counter type="METHOD" missed="0" covered="1"/>
            </method>
            <counter type="INSTRUCTION" missed="0" covered="15"/>
            <counter type="LINE" missed="0" covered="3"/>
            <counter type="COMPLEXITY" missed="0" covered="1"/>
            <counter type="METHOD" missed="0" covered="1"/>
            <counter type="CLASS" missed="0" covered="1"/>
        </class>
        <class name="reducted"
               sourcefilename="reducted">
            <method name="reducted" desc="reducted" line="14">
                <counter type="INSTRUCTION" missed="0" covered="3"/>
                <counter type="LINE" missed="0" covered="1"/>
                <counter type="COMPLEXITY" missed="0" covered="1"/>
                <counter type="METHOD" missed="0" covered="1"/>
            </method>
            <method name="reducted" desc="reducted" line="18">
                <counter type="INSTRUCTION" missed="0" covered="35"/>
                <counter type="LINE" missed="0" covered="8"/>
                <counter type="COMPLEXITY" missed="0" covered="1"/>
                <counter type="METHOD" missed="0" covered="1"/>
            </method>
            <counter type="INSTRUCTION" missed="0" covered="38"/>
            <counter type="LINE" missed="0" covered="9"/>
            <counter type="COMPLEXITY" missed="0" covered="2"/>
            <counter type="METHOD" missed="0" covered="2"/>
            <counter type="CLASS" missed="0" covered="1"/>
        </class>
        <class name="reducted" sourcefilename="reducted">
            <method name="reducted" desc="reducted" line="110">
                <counter type="INSTRUCTION" missed="0" covered="75"/>
                <counter type="LINE" missed="0" covered="20"/>
                <counter type="COMPLEXITY" missed="0" covered="1"/>
                <counter type="METHOD" missed="0" covered="1"/>
            </method>
            <counter type="INSTRUCTION" missed="0" covered="75"/>
            <counter type="LINE" missed="0" covered="20"/>
            <counter type="COMPLEXITY" missed="0" covered="1"/>
            <counter type="METHOD" missed="0" covered="1"/>
            <counter type="CLASS" missed="0" covered="1"/>
        </class>
        <class name="reducted" sourcefilename="reducted">
            <method name="reducted" desc="reducted" line="22">
                <counter type="INSTRUCTION" missed="0" covered="2"/>
                <counter type="LINE" missed="0" covered="1"/>
                <counter type="COMPLEXITY" missed="0" covered="1"/>
                <counter type="METHOD" missed="0" covered="1"/>
            </method>
            <method name="reducted" desc="reducted" line="26">
                <counter type="INSTRUCTION" missed="0" covered="9"/>
                <counter type="LINE" missed="0" covered="1"/>
                <counter type="COMPLEXITY" missed="0" covered="1"/>
                <counter type="METHOD" missed="0" covered="1"/>
            </method>
            <method name="reducted" desc="reducted" line="25">
                <counter type="INSTRUCTION" missed="0" covered="3"/>
                <counter type="LINE" missed="0" covered="1"/>
                <counter type="COMPLEXITY" missed="0" covered="1"/>
                <counter type="METHOD" missed="0" covered="1"/>
            </method>
            <counter type="INSTRUCTION" missed="0" covered="14"/>
            <counter type="LINE" missed="0" covered="3"/>
            <counter type="COMPLEXITY" missed="0" covered="3"/>
            <counter type="METHOD" missed="0" covered="3"/>
            <counter type="CLASS" missed="0" covered="1"/>
        </class>
        <class name="reducted" sourcefilename="reducted">
            <method name="reducted" desc="reducted" line="23">
                <counter type="INSTRUCTION" missed="0" covered="3"/>
                <counter type="LINE" missed="0" covered="1"/>
                <counter type="COMPLEXITY" missed="0" covered="1"/>
                <counter type="METHOD" missed="0" covered="1"/>
            </method>
            <method name="reducted" desc="reducted" line="29">
                <counter type="INSTRUCTION" missed="0" covered="27"/>
                <counter type="LINE" missed="0" covered="8"/>
                <counter type="COMPLEXITY" missed="0" covered="1"/>
                <counter type="METHOD" missed="0" covered="1"/>
            </method>
            <method name="reducted" desc="reducted" line="43">
                <counter type="INSTRUCTION" missed="0" covered="24"/>
                <counter type="LINE" missed="0" covered="7"/>
                <counter type="COMPLEXITY" missed="0" covered="1"/>
                <counter type="METHOD" missed="0" covered="1"/>
            </method>
            <method name="reducted" desc="reducted" line="54">
                <counter type="INSTRUCTION" missed="0" covered="23"/>
                <counter type="LINE" missed="0" covered="5"/>
                <counter type="COMPLEXITY" missed="0" covered="1"/>
                <counter type="METHOD" missed="0" covered="1"/>
            </method>
            <method name="reducted" desc="reducted" line="63">
                <counter type="INSTRUCTION" missed="0" covered="24"/>
                <counter type="LINE" missed="0" covered="6"/>
                <counter type="COMPLEXITY" missed="0" covered="1"/>
                <counter type="METHOD" missed="0" covered="1"/>
            </method>
            <method name="reducted" desc="reducted"
                    line="58">
                <counter type="INSTRUCTION" missed="0" covered="10"/>
                <counter type="LINE" missed="0" covered="1"/>
                <counter type="COMPLEXITY" missed="0" covered="1"/>
                <counter type="METHOD" missed="0" covered="1"/>
            </method>
            <counter type="INSTRUCTION" missed="0" covered="111"/>
            <counter type="LINE" missed="0" covered="27"/>
            <counter type="COMPLEXITY" missed="0" covered="6"/>
            <counter type="METHOD" missed="0" covered="6"/>
            <counter type="CLASS" missed="0" covered="1"/>
        </class>
        <class name="reducted"
               sourcefilename="reducted">
            <method name="reducted" desc="reducted" line="19">
                <counter type="INSTRUCTION" missed="0" covered="3"/>
                <counter type="LINE" missed="0" covered="1"/>
                <counter type="COMPLEXITY" missed="0" covered="1"/>
                <counter type="METHOD" missed="0" covered="1"/>
            </method>
            <method name="reducted" desc="reducted" line="25">
                <counter type="INSTRUCTION" missed="1" covered="52"/>
                <counter type="BRANCH" missed="1" covered="1"/>
                <counter type="LINE" missed="0" covered="12"/>
                <counter type="COMPLEXITY" missed="1" covered="1"/>
                <counter type="METHOD" missed="0" covered="1"/>
            </method>
            <method name="reducted" desc="reducted" line="42">
                <counter type="INSTRUCTION" missed="0" covered="17"/>
                <counter type="LINE" missed="0" covered="4"/>
                <counter type="COMPLEXITY" missed="0" covered="1"/>
                <counter type="METHOD" missed="0" covered="1"/>
            </method>
            <method name="reducted" desc="reducted" line="50">
                <counter type="INSTRUCTION" missed="0" covered="17"/>
                <counter type="LINE" missed="0" covered="5"/>
                <counter type="COMPLEXITY" missed="0" covered="1"/>
                <counter type="METHOD" missed="0" covered="1"/>
            </method>
            <counter type="INSTRUCTION" missed="1" covered="89"/>
            <counter type="BRANCH" missed="1" covered="1"/>
            <counter type="LINE" missed="0" covered="22"/>
            <counter type="COMPLEXITY" missed="1" covered="4"/>
            <counter type="METHOD" missed="0" covered="4"/>
            <counter type="CLASS" missed="0" covered="1"/>
        </class>
        <class name="reducted"
               sourcefilename="reducted">
            <method name="reducted" desc="reducted" line="26">
                <counter type="INSTRUCTION" missed="0" covered="21"/>
                <counter type="LINE" missed="0" covered="4"/>
                <counter type="COMPLEXITY" missed="0" covered="1"/>
                <counter type="METHOD" missed="0" covered="1"/>
            </method>
            <counter type="INSTRUCTION" missed="0" covered="21"/>
            <counter type="LINE" missed="0" covered="4"/>
            <counter type="COMPLEXITY" missed="0" covered="1"/>
            <counter type="METHOD" missed="0" covered="1"/>
            <counter type="CLASS" missed="0" covered="1"/>
        </class>
        <class name="reducted"
               sourcefilename="reducted">
            <method name="reducted" desc="reducted" line="33">
                <counter type="INSTRUCTION" missed="0" covered="15"/>
                <counter type="LINE" missed="0" covered="3"/>
                <counter type="COMPLEXITY" missed="0" covered="1"/>
                <counter type="METHOD" missed="0" covered="1"/>
            </method>
            <counter type="INSTRUCTION" missed="0" covered="15"/>
            <counter type="LINE" missed="0" covered="3"/>
            <counter type="COMPLEXITY" missed="0" covered="1"/>
            <counter type="METHOD" missed="0" covered="1"/>
            <counter type="CLASS" missed="0" covered="1"/>
        </class>
        <sourcefile name="reducted">
            <line nr="24" mi="0" ci="3" mb="0" cb="0"/>
            <line nr="33" mi="0" ci="9" mb="0" cb="0"/>
            <line nr="36" mi="0" ci="3" mb="0" cb="0"/>
            <line nr="37" mi="0" ci="4" mb="0" cb="0"/>
            <line nr="38" mi="0" ci="2" mb="0" cb="0"/>
            <line nr="40" mi="0" ci="5" mb="0" cb="0"/>
            <line nr="44" mi="0" ci="9" mb="0" cb="0"/>
            <line nr="47" mi="0" ci="3" mb="0" cb="0"/>
            <line nr="48" mi="0" ci="4" mb="0" cb="0"/>
            <line nr="49" mi="0" ci="3" mb="0" cb="0"/>
            <line nr="50" mi="0" ci="2" mb="0" cb="0"/>
            <line nr="52" mi="0" ci="7" mb="0" cb="0"/>
            <line nr="61" mi="0" ci="1" mb="0" cb="0"/>
            <line nr="62" mi="0" ci="3" mb="0" cb="0"/>
            <line nr="63" mi="0" ci="10" mb="0" cb="2"/>
            <line nr="64" mi="0" ci="4" mb="0" cb="0"/>
            <line nr="66" mi="0" ci="1" mb="0" cb="0"/>
            <line nr="67" mi="0" ci="3" mb="0" cb="0"/>
            <line nr="68" mi="0" ci="6" mb="0" cb="0"/>
            <line nr="69" mi="0" ci="4" mb="0" cb="0"/>
            <line nr="71" mi="0" ci="3" mb="0" cb="0"/>
            <line nr="72" mi="0" ci="2" mb="0" cb="0"/>
            <line nr="73" mi="0" ci="3" mb="0" cb="0"/>
            <line nr="74" mi="0" ci="13" mb="0" cb="0"/>
            <line nr="76" mi="0" ci="3" mb="0" cb="0"/>
            <counter type="INSTRUCTION" missed="0" covered="110"/>
            <counter type="BRANCH" missed="0" covered="2"/>
            <counter type="LINE" missed="0" covered="25"/>
            <counter type="COMPLEXITY" missed="0" covered="9"/>
            <counter type="METHOD" missed="0" covered="8"/>
            <counter type="CLASS" missed="0" covered="1"/>
        </sourcefile>
        <sourcefile name="reducted">
            <line nr="23" mi="0" ci="3" mb="0" cb="0"/>
            <line nr="25" mi="0" ci="6" mb="0" cb="0"/>
            <line nr="27" mi="0" ci="6" mb="0" cb="0"/>
            <line nr="29" mi="0" ci="6" mb="0" cb="0"/>
            <line nr="33" mi="0" ci="3" mb="0" cb="0"/>
            <line nr="35" mi="0" ci="6" mb="0" cb="0"/>
            <line nr="37" mi="0" ci="6" mb="0" cb="0"/>
            <line nr="40" mi="0" ci="3" mb="0" cb="0"/>
            <line nr="41" mi="0" ci="6" mb="0" cb="0"/>
            <line nr="42" mi="0" ci="6" mb="0" cb="0"/>
            <counter type="INSTRUCTION" missed="0" covered="51"/>
            <counter type="LINE" missed="0" covered="10"/>
            <counter type="COMPLEXITY" missed="0" covered="3"/>
            <counter type="METHOD" missed="0" covered="3"/>
            <counter type="CLASS" missed="0" covered="3"/>
        </sourcefile>
        <sourcefile name="reducted">
            <line nr="22" mi="0" ci="2" mb="0" cb="0"/>
            <line nr="25" mi="0" ci="3" mb="0" cb="0"/>
            <line nr="26" mi="0" ci="9" mb="0" cb="0"/>
            <counter type="INSTRUCTION" missed="0" covered="14"/>
            <counter type="LINE" missed="0" covered="3"/>
            <counter type="COMPLEXITY" missed="0" covered="3"/>
            <counter type="METHOD" missed="0" covered="3"/>
            <counter type="CLASS" missed="0" covered="1"/>
        </sourcefile>
        <sourcefile name="reducted">
            <line nr="25" mi="0" ci="9" mb="0" cb="0"/>
            <line nr="26" mi="0" ci="4" mb="0" cb="0"/>
            <line nr="27" mi="0" ci="4" mb="0" cb="0"/>
            <line nr="28" mi="0" ci="4" mb="0" cb="0"/>
            <line nr="29" mi="0" ci="2" mb="0" cb="0"/>
            <counter type="INSTRUCTION" missed="0" covered="23"/>
            <counter type="LINE" missed="0" covered="5"/>
            <counter type="COMPLEXITY" missed="0" covered="2"/>
            <counter type="METHOD" missed="0" covered="2"/>
            <counter type="CLASS" missed="0" covered="1"/>
        </sourcefile>
        <sourcefile name="reducted">
            <line nr="76" mi="0" ci="9" mb="0" cb="2"/>
            <line nr="81" mi="0" ci="10" mb="1" cb="5"/>
            <line nr="83" mi="0" ci="9" mb="0" cb="2"/>
            <line nr="84" mi="0" ci="3" mb="0" cb="0"/>
            <line nr="85" mi="0" ci="3" mb="0" cb="0"/>
            <line nr="86" mi="3" ci="0" mb="0" cb="0"/>
            <line nr="87" mi="0" ci="3" mb="0" cb="0"/>
            <line nr="88" mi="0" ci="1" mb="0" cb="0"/>
            <line nr="94" mi="0" ci="4" mb="0" cb="0"/>
            <line nr="99" mi="0" ci="4" mb="0" cb="0"/>
            <line nr="103" mi="0" ci="4" mb="0" cb="0"/>
            <line nr="110" mi="0" ci="6" mb="0" cb="0"/>
            <line nr="111" mi="0" ci="4" mb="0" cb="0"/>
            <line nr="112" mi="0" ci="4" mb="0" cb="0"/>
            <line nr="113" mi="0" ci="4" mb="0" cb="0"/>
            <line nr="114" mi="0" ci="4" mb="0" cb="0"/>
            <line nr="115" mi="0" ci="4" mb="0" cb="0"/>
            <line nr="116" mi="0" ci="4" mb="0" cb="0"/>
            <line nr="117" mi="0" ci="4" mb="0" cb="0"/>
            <line nr="118" mi="0" ci="5" mb="0" cb="0"/>
            <line nr="119" mi="0" ci="6" mb="0" cb="0"/>
            <line nr="120" mi="0" ci="2" mb="0" cb="0"/>
            <line nr="121" mi="0" ci="2" mb="0" cb="0"/>
            <line nr="122" mi="0" ci="6" mb="0" cb="0"/>
            <line nr="123" mi="0" ci="2" mb="0" cb="0"/>
            <line nr="124" mi="0" ci="2" mb="0" cb="0"/>
            <line nr="125" mi="0" ci="6" mb="0" cb="0"/>
            <line nr="126" mi="0" ci="2" mb="0" cb="0"/>
            <line nr="127" mi="0" ci="2" mb="0" cb="0"/>
            <line nr="128" mi="0" ci="4" mb="0" cb="0"/>
            <line nr="129" mi="0" ci="2" mb="0" cb="0"/>
            <counter type="INSTRUCTION" missed="3" covered="125"/>
            <counter type="BRANCH" missed="1" covered="9"/>
            <counter type="LINE" missed="1" covered="30"/>
            <counter type="COMPLEXITY" missed="1" covered="12"/>
            <counter type="METHOD" missed="0" covered="6"/>
            <counter type="CLASS" missed="0" covered="2"/>
        </sourcefile>
        <sourcefile name="reducted">
            <line nr="26" mi="0" ci="3" mb="0" cb="0"/>
            <line nr="32" mi="0" ci="4" mb="0" cb="0"/>
            <line nr="33" mi="1" ci="6" mb="1" cb="1"/>
            <line nr="34" mi="0" ci="6" mb="0" cb="0"/>
            <line nr="35" mi="0" ci="3" mb="0" cb="0"/>
            <line nr="37" mi="0" ci="3" mb="0" cb="0"/>
            <line nr="38" mi="0" ci="2" mb="0" cb="0"/>
            <line nr="39" mi="0" ci="2" mb="0" cb="0"/>
            <line nr="40" mi="0" ci="1" mb="0" cb="0"/>
            <line nr="43" mi="1" ci="8" mb="1" cb="1"/>
            <line nr="44" mi="0" ci="6" mb="0" cb="0"/>
            <line nr="45" mi="0" ci="11" mb="0" cb="0"/>
            <line nr="46" mi="0" ci="3" mb="0" cb="0"/>
            <line nr="61" mi="0" ci="2" mb="0" cb="0"/>
            <line nr="62" mi="0" ci="2" mb="0" cb="0"/>
            <line nr="66" mi="0" ci="4" mb="0" cb="0"/>
            <line nr="67" mi="1" ci="9" mb="1" cb="1"/>
            <line nr="69" mi="0" ci="9" mb="0" cb="0"/>
            <line nr="71" mi="0" ci="3" mb="0" cb="0"/>
            <line nr="72" mi="0" ci="2" mb="0" cb="0"/>
            <line nr="73" mi="0" ci="1" mb="0" cb="0"/>
            <counter type="INSTRUCTION" missed="3" covered="90"/>
            <counter type="BRANCH" missed="3" covered="3"/>
            <counter type="LINE" missed="0" covered="21"/>
            <counter type="COMPLEXITY" missed="3" covered="5"/>
            <counter type="METHOD" missed="0" covered="5"/>
            <counter type="CLASS" missed="0" covered="1"/>
        </sourcefile>
        <sourcefile name="reducted">
            <line nr="26" mi="0" ci="3" mb="0" cb="0"/>
            <line nr="35" mi="0" ci="13" mb="0" cb="0"/>
            <line nr="36" mi="0" ci="4" mb="0" cb="0"/>
            <line nr="37" mi="0" ci="5" mb="0" cb="0"/>
            <line nr="38" mi="0" ci="2" mb="0" cb="0"/>
            <line nr="43" mi="0" ci="5" mb="0" cb="0"/>
            <line nr="44" mi="0" ci="5" mb="0" cb="0"/>
            <line nr="46" mi="0" ci="5" mb="0" cb="0"/>
            <line nr="48" mi="0" ci="10" mb="0" cb="0"/>
            <line nr="54" mi="0" ci="3" mb="0" cb="0"/>
            <line nr="55" mi="0" ci="4" mb="0" cb="0"/>
            <line nr="56" mi="0" ci="4" mb="0" cb="0"/>
            <line nr="57" mi="0" ci="4" mb="0" cb="0"/>
            <line nr="58" mi="0" ci="4" mb="0" cb="0"/>
            <line nr="59" mi="0" ci="4" mb="0" cb="0"/>
            <line nr="60" mi="0" ci="3" mb="0" cb="0"/>
            <line nr="61" mi="0" ci="1" mb="0" cb="0"/>
            <line nr="62" mi="0" ci="8" mb="0" cb="2"/>
            <line nr="63" mi="0" ci="2" mb="0" cb="0"/>
            <line nr="64" mi="0" ci="3" mb="0" cb="0"/>
            <line nr="65" mi="6" ci="2" mb="0" cb="0"/>
            <line nr="72" mi="0" ci="9" mb="0" cb="0"/>
            <line nr="77" mi="0" ci="3" mb="0" cb="0"/>
            <line nr="78" mi="0" ci="4" mb="0" cb="0"/>
            <line nr="79" mi="0" ci="3" mb="0" cb="0"/>
            <line nr="80" mi="0" ci="2" mb="0" cb="0"/>
            <line nr="81" mi="0" ci="1" mb="0" cb="0"/>
            <line nr="84" mi="0" ci="4" mb="0" cb="0"/>
            <line nr="85" mi="0" ci="4" mb="0" cb="0"/>
            <line nr="86" mi="0" ci="10" mb="0" cb="0"/>
            <line nr="89" mi="0" ci="3" mb="0" cb="0"/>
            <line nr="90" mi="0" ci="1" mb="0" cb="0"/>
            <line nr="91" mi="0" ci="1" mb="0" cb="0"/>
            <line nr="92" mi="0" ci="1" mb="0" cb="0"/>
            <line nr="96" mi="0" ci="4" mb="0" cb="0"/>
            <line nr="97" mi="0" ci="10" mb="0" cb="0"/>
            <line nr="101" mi="0" ci="1" mb="0" cb="0"/>
            <line nr="102" mi="0" ci="1" mb="0" cb="0"/>
            <line nr="103" mi="0" ci="1" mb="0" cb="0"/>
            <line nr="107" mi="0" ci="9" mb="0" cb="0"/>
            <line nr="116" mi="0" ci="3" mb="0" cb="0"/>
            <line nr="117" mi="0" ci="4" mb="0" cb="0"/>
            <line nr="118" mi="0" ci="4" mb="0" cb="0"/>
            <line nr="119" mi="0" ci="1" mb="0" cb="0"/>
            <line nr="120" mi="0" ci="2" mb="0" cb="0"/>
            <line nr="121" mi="0" ci="1" mb="0" cb="0"/>
            <line nr="124" mi="0" ci="4" mb="0" cb="0"/>
            <line nr="125" mi="0" ci="6" mb="0" cb="0"/>
            <line nr="126" mi="0" ci="7" mb="0" cb="0"/>
            <line nr="127" mi="0" ci="1" mb="0" cb="0"/>
            <line nr="128" mi="0" ci="2" mb="0" cb="0"/>
            <line nr="129" mi="0" ci="1" mb="0" cb="0"/>
            <line nr="132" mi="0" ci="4" mb="0" cb="0"/>
            <line nr="133" mi="0" ci="4" mb="0" cb="0"/>
            <line nr="134" mi="0" ci="9" mb="0" cb="0"/>
            <line nr="136" mi="0" ci="3" mb="0" cb="0"/>
            <line nr="137" mi="0" ci="1" mb="0" cb="0"/>
            <line nr="138" mi="0" ci="2" mb="0" cb="0"/>
            <line nr="139" mi="0" ci="1" mb="0" cb="0"/>
            <line nr="142" mi="0" ci="4" mb="0" cb="0"/>
            <line nr="143" mi="0" ci="6" mb="0" cb="0"/>
            <line nr="144" mi="0" ci="7" mb="0" cb="0"/>
            <line nr="145" mi="0" ci="1" mb="0" cb="0"/>
            <line nr="146" mi="0" ci="2" mb="0" cb="0"/>
            <line nr="147" mi="0" ci="1" mb="0" cb="0"/>
            <line nr="150" mi="0" ci="4" mb="0" cb="0"/>
            <line nr="151" mi="0" ci="10" mb="0" cb="0"/>
            <line nr="153" mi="0" ci="1" mb="0" cb="0"/>
            <line nr="154" mi="0" ci="2" mb="0" cb="0"/>
            <line nr="158" mi="0" ci="4" mb="0" cb="0"/>
            <line nr="159" mi="0" ci="10" mb="0" cb="0"/>
            <line nr="160" mi="0" ci="1" mb="0" cb="0"/>
            <line nr="161" mi="0" ci="2" mb="0" cb="0"/>
            <line nr="165" mi="0" ci="4" mb="0" cb="0"/>
            <line nr="166" mi="0" ci="10" mb="0" cb="0"/>
            <line nr="167" mi="0" ci="1" mb="0" cb="0"/>
            <line nr="168" mi="0" ci="2" mb="0" cb="0"/>
            <line nr="172" mi="0" ci="10" mb="0" cb="0"/>
            <line nr="173" mi="0" ci="1" mb="0" cb="0"/>
            <line nr="174" mi="0" ci="2" mb="0" cb="0"/>
            <line nr="178" mi="0" ci="4" mb="0" cb="0"/>
            <line nr="179" mi="0" ci="10" mb="0" cb="0"/>
            <line nr="180" mi="0" ci="1" mb="0" cb="0"/>
            <line nr="181" mi="0" ci="2" mb="0" cb="0"/>
            <line nr="185" mi="0" ci="8" mb="0" cb="0"/>
            <line nr="186" mi="0" ci="2" mb="0" cb="0"/>
            <line nr="190" mi="0" ci="10" mb="0" cb="0"/>
            <line nr="191" mi="0" ci="1" mb="0" cb="0"/>
            <line nr="192" mi="0" ci="2" mb="0" cb="0"/>
            <line nr="196" mi="0" ci="8" mb="0" cb="0"/>
            <line nr="197" mi="0" ci="2" mb="0" cb="0"/>
            <line nr="201" mi="0" ci="8" mb="0" cb="0"/>
            <line nr="210" mi="0" ci="2" mb="0" cb="0"/>
            <line nr="214" mi="0" ci="4" mb="0" cb="0"/>
            <line nr="215" mi="1" ci="6" mb="1" cb="1"/>
            <line nr="216" mi="0" ci="9" mb="0" cb="0"/>
            <line nr="223" mi="0" ci="3" mb="0" cb="0"/>
            <line nr="224" mi="0" ci="3" mb="0" cb="0"/>
            <line nr="225" mi="0" ci="3" mb="0" cb="0"/>
            <line nr="226" mi="0" ci="1" mb="0" cb="0"/>
            <line nr="227" mi="0" ci="1" mb="0" cb="0"/>
            <line nr="228" mi="0" ci="2" mb="0" cb="0"/>
            <line nr="229" mi="0" ci="1" mb="0" cb="0"/>
            <line nr="235" mi="0" ci="4" mb="0" cb="0"/>
            <line nr="236" mi="0" ci="9" mb="0" cb="0"/>
            <line nr="242" mi="0" ci="3" mb="0" cb="0"/>
            <line nr="243" mi="0" ci="2" mb="0" cb="0"/>
            <line nr="244" mi="0" ci="2" mb="0" cb="0"/>
            <line nr="245" mi="0" ci="1" mb="0" cb="0"/>
            <line nr="248" mi="0" ci="4" mb="0" cb="0"/>
            <line nr="249" mi="0" ci="9" mb="0" cb="0"/>
            <line nr="255" mi="0" ci="3" mb="0" cb="0"/>
            <line nr="256" mi="0" ci="2" mb="0" cb="0"/>
            <line nr="257" mi="0" ci="2" mb="0" cb="0"/>
            <line nr="258" mi="0" ci="1" mb="0" cb="0"/>
            <line nr="261" mi="0" ci="9" mb="0" cb="0"/>
            <line nr="265" mi="0" ci="1" mb="0" cb="0"/>
            <line nr="266" mi="0" ci="2" mb="0" cb="0"/>
            <line nr="267" mi="0" ci="1" mb="0" cb="0"/>
            <line nr="270" mi="0" ci="10" mb="0" cb="0"/>
            <line nr="275" mi="0" ci="1" mb="0" cb="0"/>
            <line nr="276" mi="0" ci="1" mb="0" cb="0"/>
            <line nr="277" mi="0" ci="1" mb="0" cb="0"/>
            <line nr="281" mi="0" ci="10" mb="0" cb="0"/>
            <line nr="286" mi="0" ci="1" mb="0" cb="0"/>
            <line nr="287" mi="0" ci="1" mb="0" cb="0"/>
            <line nr="288" mi="0" ci="1" mb="0" cb="0"/>
            <line nr="297" mi="0" ci="4" mb="0" cb="0"/>
            <line nr="298" mi="0" ci="10" mb="0" cb="2"/>
            <line nr="299" mi="0" ci="3" mb="0" cb="0"/>
            <line nr="305" mi="0" ci="7" mb="0" cb="0"/>
            <line nr="307" mi="0" ci="2" mb="0" cb="0"/>
            <line nr="309" mi="0" ci="4" mb="0" cb="0"/>
            <line nr="313" mi="0" ci="2" mb="0" cb="0"/>
            <line nr="314" mi="0" ci="4" mb="0" cb="2"/>
            <line nr="315" mi="0" ci="2" mb="0" cb="0"/>
            <line nr="317" mi="0" ci="4" mb="0" cb="0"/>
            <counter type="INSTRUCTION" missed="7" covered="527"/>
            <counter type="BRANCH" missed="1" covered="7"/>
            <counter type="LINE" missed="0" covered="137"/>
            <counter type="COMPLEXITY" missed="2" covered="32"/>
            <counter type="METHOD" missed="1" covered="29"/>
            <counter type="CLASS" missed="0" covered="1"/>
        </sourcefile>
        <sourcefile name="reducted">
            <line nr="30" mi="0" ci="3" mb="0" cb="0"/>
            <line nr="31" mi="0" ci="12" mb="0" cb="0"/>
            <line nr="35" mi="0" ci="6" mb="0" cb="0"/>
            <line nr="39" mi="0" ci="4" mb="0" cb="0"/>
            <line nr="46" mi="0" ci="6" mb="0" cb="0"/>
            <line nr="47" mi="0" ci="4" mb="0" cb="0"/>
            <line nr="48" mi="0" ci="4" mb="0" cb="0"/>
            <line nr="49" mi="0" ci="5" mb="0" cb="0"/>
            <line nr="50" mi="0" ci="5" mb="0" cb="0"/>
            <line nr="51" mi="0" ci="5" mb="0" cb="0"/>
            <line nr="52" mi="0" ci="5" mb="0" cb="0"/>
            <line nr="53" mi="0" ci="3" mb="0" cb="0"/>
            <line nr="57" mi="0" ci="2" mb="0" cb="2"/>
            <line nr="58" mi="0" ci="2" mb="0" cb="0"/>
            <line nr="60" mi="0" ci="3" mb="0" cb="0"/>
            <counter type="INSTRUCTION" missed="0" covered="69"/>
            <counter type="BRANCH" missed="0" covered="2"/>
            <counter type="LINE" missed="0" covered="15"/>
            <counter type="COMPLEXITY" missed="0" covered="6"/>
            <counter type="METHOD" missed="0" covered="5"/>
            <counter type="CLASS" missed="0" covered="3"/>
        </sourcefile>
        <sourcefile name="reducted">
            <line nr="10" mi="0" ci="3" mb="0" cb="0"/>
            <line nr="15" mi="0" ci="3" mb="0" cb="0"/>
            <line nr="20" mi="0" ci="3" mb="0" cb="0"/>
            <line nr="21" mi="0" ci="2" mb="0" cb="0"/>
            <line nr="26" mi="0" ci="3" mb="0" cb="0"/>
            <line nr="27" mi="0" ci="6" mb="0" cb="0"/>
            <line nr="28" mi="0" ci="6" mb="0" cb="0"/>
            <counter type="INSTRUCTION" missed="0" covered="26"/>
            <counter type="LINE" missed="0" covered="7"/>
            <counter type="COMPLEXITY" missed="0" covered="4"/>
            <counter type="METHOD" missed="0" covered="4"/>
            <counter type="CLASS" missed="0" covered="2"/>
        </sourcefile>
        <sourcefile name="reducted">
            <line nr="19" mi="0" ci="3" mb="0" cb="0"/>
            <line nr="25" mi="1" ci="6" mb="1" cb="1"/>
            <line nr="26" mi="0" ci="5" mb="0" cb="0"/>
            <line nr="27" mi="0" ci="5" mb="0" cb="0"/>
            <line nr="28" mi="0" ci="5" mb="0" cb="0"/>
            <line nr="29" mi="0" ci="5" mb="0" cb="0"/>
            <line nr="31" mi="0" ci="9" mb="0" cb="0"/>
            <line nr="34" mi="0" ci="4" mb="0" cb="0"/>
            <line nr="35" mi="0" ci="4" mb="0" cb="0"/>
            <line nr="36" mi="0" ci="4" mb="0" cb="0"/>
            <line nr="37" mi="0" ci="2" mb="0" cb="0"/>
            <line nr="38" mi="0" ci="2" mb="0" cb="0"/>
            <line nr="39" mi="0" ci="1" mb="0" cb="0"/>
            <line nr="42" mi="0" ci="4" mb="0" cb="0"/>
            <line nr="43" mi="0" ci="10" mb="0" cb="0"/>
            <line nr="45" mi="0" ci="2" mb="0" cb="0"/>
            <line nr="46" mi="0" ci="1" mb="0" cb="0"/>
            <line nr="50" mi="0" ci="4" mb="0" cb="0"/>
            <line nr="51" mi="0" ci="9" mb="0" cb="0"/>
            <line nr="53" mi="0" ci="1" mb="0" cb="0"/>
            <line nr="54" mi="0" ci="2" mb="0" cb="0"/>
            <line nr="55" mi="0" ci="1" mb="0" cb="0"/>
            <counter type="INSTRUCTION" missed="1" covered="89"/>
            <counter type="BRANCH" missed="1" covered="1"/>
            <counter type="LINE" missed="0" covered="22"/>
            <counter type="COMPLEXITY" missed="1" covered="4"/>
            <counter type="METHOD" missed="0" covered="4"/>
            <counter type="CLASS" missed="0" covered="1"/>
        </sourcefile>
        <sourcefile name="reducted">
            <line nr="10" mi="0" ci="3" mb="0" cb="0"/>
            <line nr="13" mi="0" ci="6" mb="0" cb="0"/>
            <line nr="14" mi="0" ci="6" mb="0" cb="0"/>
            <line nr="15" mi="0" ci="6" mb="0" cb="0"/>
            <line nr="17" mi="0" ci="6" mb="0" cb="0"/>
            <line nr="19" mi="0" ci="6" mb="0" cb="0"/>
            <line nr="20" mi="0" ci="6" mb="0" cb="0"/>
            <line nr="23" mi="0" ci="6" mb="0" cb="0"/>
            <line nr="26" mi="10" ci="0" mb="5" cb="0"/>
            <line nr="27" mi="2" ci="0" mb="0" cb="0"/>
            <line nr="29" mi="3" ci="0" mb="2" cb="0"/>
            <line nr="30" mi="2" ci="0" mb="0" cb="0"/>
            <line nr="32" mi="2" ci="0" mb="0" cb="0"/>
            <line nr="34" mi="2" ci="0" mb="0" cb="0"/>
            <line nr="37" mi="1" ci="0" mb="0" cb="0"/>
            <line nr="44" mi="0" ci="4" mb="0" cb="0"/>
            <counter type="INSTRUCTION" missed="22" covered="49"/>
            <counter type="BRANCH" missed="7" covered="0"/>
            <counter type="LINE" missed="7" covered="9"/>
            <counter type="COMPLEXITY" missed="6" covered="2"/>
            <counter type="METHOD" missed="1" covered="2"/>
            <counter type="CLASS" missed="0" covered="1"/>
        </sourcefile>
        <sourcefile name="reducted">
            <line nr="25" mi="0" ci="2" mb="0" cb="0"/>
            <line nr="28" mi="0" ci="3" mb="0" cb="0"/>
            <line nr="29" mi="0" ci="4" mb="0" cb="0"/>
            <line nr="30" mi="0" ci="4" mb="0" cb="0"/>
            <line nr="31" mi="0" ci="9" mb="0" cb="0"/>
            <counter type="INSTRUCTION" missed="0" covered="22"/>
            <counter type="LINE" missed="0" covered="5"/>
            <counter type="COMPLEXITY" missed="0" covered="3"/>
            <counter type="METHOD" missed="0" covered="3"/>
            <counter type="CLASS" missed="0" covered="1"/>
        </sourcefile>
        <sourcefile name="reducted">
            <line nr="24" mi="0" ci="4" mb="0" cb="0"/>
            <line nr="31" mi="0" ci="6" mb="0" cb="0"/>
            <line nr="32" mi="0" ci="4" mb="0" cb="0"/>
            <line nr="33" mi="0" ci="3" mb="0" cb="0"/>
            <counter type="INSTRUCTION" missed="0" covered="17"/>
            <counter type="LINE" missed="0" covered="4"/>
            <counter type="COMPLEXITY" missed="0" covered="2"/>
            <counter type="METHOD" missed="0" covered="2"/>
            <counter type="CLASS" missed="0" covered="2"/>
        </sourcefile>
        <sourcefile name="reducted">
            <line nr="18" mi="0" ci="3" mb="0" cb="0"/>
            <line nr="24" mi="0" ci="7" mb="0" cb="0"/>
            <line nr="25" mi="0" ci="3" mb="0" cb="0"/>
            <line nr="26" mi="0" ci="1" mb="0" cb="0"/>
            <line nr="27" mi="0" ci="2" mb="0" cb="0"/>
            <line nr="31" mi="0" ci="3" mb="0" cb="0"/>
            <line nr="33" mi="0" ci="6" mb="0" cb="0"/>
            <line nr="34" mi="0" ci="3" mb="0" cb="0"/>
            <line nr="36" mi="0" ci="3" mb="0" cb="0"/>
            <line nr="37" mi="0" ci="3" mb="0" cb="0"/>
            <line nr="38" mi="0" ci="1" mb="0" cb="0"/>
            <line nr="39" mi="0" ci="2" mb="0" cb="0"/>
            <line nr="41" mi="0" ci="2" mb="0" cb="0"/>
            <line nr="45" mi="0" ci="6" mb="0" cb="0"/>
            <line nr="46" mi="0" ci="3" mb="0" cb="0"/>
            <line nr="49" mi="0" ci="3" mb="0" cb="0"/>
            <line nr="50" mi="0" ci="1" mb="0" cb="0"/>
            <line nr="51" mi="0" ci="2" mb="0" cb="0"/>
            <line nr="52" mi="0" ci="1" mb="0" cb="0"/>
            <line nr="55" mi="0" ci="6" mb="0" cb="0"/>
            <line nr="56" mi="0" ci="3" mb="0" cb="0"/>
            <line nr="59" mi="0" ci="1" mb="0" cb="0"/>
            <line nr="60" mi="0" ci="2" mb="0" cb="0"/>
            <line nr="61" mi="0" ci="1" mb="0" cb="0"/>
            <line nr="64" mi="0" ci="6" mb="0" cb="0"/>
            <line nr="65" mi="0" ci="3" mb="0" cb="0"/>
            <line nr="68" mi="0" ci="1" mb="0" cb="0"/>
            <line nr="69" mi="0" ci="2" mb="0" cb="0"/>
            <line nr="70" mi="0" ci="1" mb="0" cb="0"/>
            <line nr="73" mi="0" ci="6" mb="0" cb="0"/>
            <line nr="74" mi="0" ci="3" mb="0" cb="0"/>
            <line nr="76" mi="0" ci="1" mb="0" cb="0"/>
            <line nr="77" mi="0" ci="2" mb="0" cb="0"/>
            <line nr="78" mi="0" ci="1" mb="0" cb="0"/>
            <line nr="86" mi="0" ci="8" mb="0" cb="0"/>
            <line nr="94" mi="0" ci="1" mb="0" cb="0"/>
            <line nr="95" mi="0" ci="1" mb="0" cb="0"/>
            <counter type="INSTRUCTION" missed="0" covered="104"/>
            <counter type="LINE" missed="0" covered="37"/>
            <counter type="COMPLEXITY" missed="0" covered="8"/>
            <counter type="METHOD" missed="0" covered="8"/>
            <counter type="CLASS" missed="0" covered="1"/>
        </sourcefile>
        <sourcefile name="reducted">
            <line nr="23" mi="0" ci="3" mb="0" cb="0"/>
            <line nr="29" mi="0" ci="4" mb="0" cb="0"/>
            <line nr="30" mi="0" ci="4" mb="0" cb="0"/>
            <line nr="32" mi="0" ci="9" mb="0" cb="0"/>
            <line nr="36" mi="0" ci="3" mb="0" cb="0"/>
            <line nr="37" mi="0" ci="3" mb="0" cb="0"/>
            <line nr="38" mi="0" ci="1" mb="0" cb="0"/>
            <line nr="39" mi="0" ci="2" mb="0" cb="0"/>
            <line nr="40" mi="0" ci="1" mb="0" cb="0"/>
            <line nr="43" mi="0" ci="4" mb="0" cb="0"/>
            <line nr="44" mi="0" ci="4" mb="0" cb="0"/>
            <line nr="46" mi="0" ci="9" mb="0" cb="0"/>
            <line nr="48" mi="0" ci="3" mb="0" cb="0"/>
            <line nr="49" mi="0" ci="1" mb="0" cb="0"/>
            <line nr="50" mi="0" ci="2" mb="0" cb="0"/>
            <line nr="51" mi="0" ci="1" mb="0" cb="0"/>
            <line nr="54" mi="0" ci="4" mb="0" cb="0"/>
            <line nr="55" mi="0" ci="10" mb="0" cb="0"/>
            <line nr="57" mi="0" ci="2" mb="0" cb="0"/>
            <line nr="58" mi="0" ci="11" mb="0" cb="0"/>
            <line nr="59" mi="0" ci="6" mb="0" cb="0"/>
            <line nr="63" mi="0" ci="4" mb="0" cb="0"/>
            <line nr="64" mi="0" ci="4" mb="0" cb="0"/>
            <line nr="65" mi="0" ci="10" mb="0" cb="0"/>
            <line nr="67" mi="0" ci="3" mb="0" cb="0"/>
            <line nr="68" mi="0" ci="1" mb="0" cb="0"/>
            <line nr="69" mi="0" ci="2" mb="0" cb="0"/>
            <counter type="INSTRUCTION" missed="0" covered="111"/>
            <counter type="LINE" missed="0" covered="27"/>
            <counter type="COMPLEXITY" missed="0" covered="6"/>
            <counter type="METHOD" missed="0" covered="6"/>
            <counter type="CLASS" missed="0" covered="1"/>
        </sourcefile>
        <sourcefile name="reducted">
            <line nr="14" mi="0" ci="3" mb="0" cb="0"/>
            <line nr="18" mi="0" ci="6" mb="0" cb="0"/>
            <line nr="19" mi="0" ci="4" mb="0" cb="0"/>
            <line nr="20" mi="0" ci="4" mb="0" cb="0"/>
            <line nr="21" mi="0" ci="5" mb="0" cb="0"/>
            <line nr="22" mi="0" ci="5" mb="0" cb="0"/>
            <line nr="23" mi="0" ci="4" mb="0" cb="0"/>
            <line nr="24" mi="0" ci="5" mb="0" cb="0"/>
            <line nr="25" mi="0" ci="2" mb="0" cb="0"/>
            <counter type="INSTRUCTION" missed="0" covered="38"/>
            <counter type="LINE" missed="0" covered="9"/>
            <counter type="COMPLEXITY" missed="0" covered="2"/>
            <counter type="METHOD" missed="0" covered="2"/>
            <counter type="CLASS" missed="0" covered="1"/>
        </sourcefile>
        <sourcefile name="reducted">
            <line nr="19" mi="0" ci="3" mb="0" cb="0"/>
            <line nr="25" mi="0" ci="4" mb="0" cb="0"/>
            <line nr="26" mi="0" ci="4" mb="0" cb="0"/>
            <line nr="27" mi="0" ci="3" mb="0" cb="0"/>
            <line nr="28" mi="0" ci="9" mb="0" cb="0"/>
            <line nr="29" mi="0" ci="2" mb="0" cb="0"/>
            <line nr="30" mi="0" ci="2" mb="0" cb="0"/>
            <line nr="31" mi="0" ci="2" mb="0" cb="0"/>
            <line nr="35" mi="0" ci="4" mb="0" cb="0"/>
            <line nr="37" mi="0" ci="10" mb="0" cb="0"/>
            <line nr="39" mi="0" ci="1" mb="0" cb="0"/>
            <line nr="40" mi="0" ci="1" mb="0" cb="0"/>
            <line nr="41" mi="1" ci="6" mb="1" cb="1"/>
            <line nr="45" mi="0" ci="5" mb="0" cb="0"/>
            <line nr="46" mi="0" ci="5" mb="0" cb="0"/>
            <line nr="47" mi="0" ci="5" mb="0" cb="0"/>
            <line nr="48" mi="0" ci="9" mb="0" cb="0"/>
            <line nr="50" mi="0" ci="4" mb="0" cb="0"/>
            <line nr="51" mi="0" ci="4" mb="0" cb="0"/>
            <line nr="52" mi="0" ci="2" mb="0" cb="0"/>
            <line nr="53" mi="0" ci="2" mb="0" cb="0"/>
            <line nr="54" mi="0" ci="2" mb="0" cb="0"/>
            <line nr="58" mi="0" ci="4" mb="0" cb="0"/>
            <line nr="60" mi="0" ci="10" mb="0" cb="0"/>
            <line nr="62" mi="0" ci="1" mb="0" cb="0"/>
            <line nr="63" mi="0" ci="1" mb="0" cb="0"/>
            <line nr="64" mi="1" ci="6" mb="1" cb="1"/>
            <line nr="68" mi="0" ci="4" mb="0" cb="0"/>
            <line nr="69" mi="0" ci="9" mb="0" cb="0"/>
            <line nr="71" mi="0" ci="1" mb="0" cb="0"/>
            <line nr="72" mi="0" ci="2" mb="0" cb="0"/>
            <line nr="73" mi="0" ci="1" mb="0" cb="0"/>
            <line nr="76" mi="0" ci="4" mb="0" cb="0"/>
[...]
                <counter type="COMPLEXITY" missed="0" covered="1"/>
                <counter type="METHOD" missed="0" covered="1"/>
            </method>
            <method name="reducted" desc="reducted" line="43">
                <counter type="INSTRUCTION" missed="0" covered="30"/>
                <counter type="LINE" missed="0" covered="9"/>
                <counter type="COMPLEXITY" missed="0" covered="1"/>
                <counter type="METHOD" missed="0" covered="1"/>
            </method>
            <method name="reducted" desc="reducted" line="116">
                <counter type="INSTRUCTION" missed="0" covered="17"/>
                <counter type="LINE" missed="0" covered="4"/>
                <counter type="COMPLEXITY" missed="0" covered="1"/>
                <counter type="METHOD" missed="0" covered="1"/>
            </method>
            <method name="reducted" desc="reducted" line="101">
                <counter type="INSTRUCTION" missed="0" covered="5"/>
                <counter type="LINE" missed="0" covered="2"/>
                <counter type="COMPLEXITY" missed="0" covered="1"/>
                <counter type="METHOD" missed="0" covered="1"/>
            </method>
            <method name="reducted" desc="reducted" line="102">
                <counter type="INSTRUCTION" missed="0" covered="10"/>
                <counter type="LINE" missed="0" covered="4"/>
                <counter type="COMPLEXITY" missed="0" covered="1"/>
                <counter type="METHOD" missed="0" covered="1"/>
            </method>
            <method name="reducted" desc="reducted" line="103">
                <counter type="INSTRUCTION" missed="0" covered="21"/>
                <counter type="LINE" missed="0" covered="5"/>
                <counter type="COMPLEXITY" missed="0" covered="1"/>
                <counter type="METHOD" missed="0" covered="1"/>
            </method>
            <method name="reducted" desc="reducted" line="77">
                <counter type="INSTRUCTION" missed="0" covered="14"/>
                <counter type="LINE" missed="0" covered="5"/>
                <counter type="COMPLEXITY" missed="0" covered="1"/>
                <counter type="METHOD" missed="0" covered="1"/>
            </method>
            <method name="reducted" desc="reducted" line="88">
                <counter type="INSTRUCTION" missed="0" covered="10"/>
                <counter type="LINE" missed="0" covered="4"/>
                <counter type="COMPLEXITY" missed="0" covered="1"/>
                <counter type="METHOD" missed="0" covered="1"/>
            </method>
            <method name="reducted" desc="reducted" line="89">
                <counter type="INSTRUCTION" missed="0" covered="24"/>
                <counter type="LINE" missed="0" covered="5"/>
                <counter type="COMPLEXITY" missed="0" covered="1"/>
                <counter type="METHOD" missed="0" covered="1"/>
            </method>
            <method name="reducted" desc="reducted" line="78">
                <counter type="INSTRUCTION" missed="0" covered="21"/>
                <counter type="LINE" missed="0" covered="5"/>
                <counter type="COMPLEXITY" missed="0" covered="1"/>
                <counter type="METHOD" missed="0" covered="1"/>
            </method>
            <method name="reducted" desc="reducted" line="65">
                <counter type="INSTRUCTION" missed="0" covered="10"/>
                <counter type="LINE" missed="0" covered="4"/>
                <counter type="COMPLEXITY" missed="0" covered="1"/>
                <counter type="METHOD" missed="0" covered="1"/>
            </method>
            <method name="reducted" desc="reducted" line="66">
                <counter type="INSTRUCTION" missed="0" covered="24"/>
                <counter type="LINE" missed="0" covered="5"/>
                <counter type="COMPLEXITY" missed="0" covered="1"/>
                <counter type="METHOD" missed="0" covered="1"/>
            </method>
            <method name="reducted" desc="reducted" line="53">
                <counter type="INSTRUCTION" missed="0" covered="10"/>
                <counter type="LINE" missed="0" covered="4"/>
                <counter type="COMPLEXITY" missed="0" covered="1"/>
                <counter type="METHOD" missed="0" covered="1"/>
            </method>
            <method name="reducted" desc="reducted" line="54">
                <counter type="INSTRUCTION" missed="0" covered="22"/>
                <counter type="LINE" missed="0" covered="5"/>
                <counter type="COMPLEXITY" missed="0" covered="1"/>
                <counter type="METHOD" missed="0" covered="1"/>
            </method>
            <method name="reducted" desc="reducted" line="44">
                <counter type="INSTRUCTION" missed="0" covered="17"/>
                <counter type="LINE" missed="0" covered="4"/>
                <counter type="COMPLEXITY" missed="0" covered="1"/>
                <counter type="METHOD" missed="0" covered="1"/>
            </method>
            <counter type="INSTRUCTION" missed="0" covered="249"/>
            <counter type="LINE" missed="0" covered="70"/>
            <counter type="COMPLEXITY" missed="0" covered="17"/>
            <counter type="METHOD" missed="0" covered="17"/>
            <counter type="CLASS" missed="0" covered="1"/>
        </class>
        <sourcefile name="reducted">
            <line nr="28" mi="0" ci="3" mb="0" cb="0"/>
            <line nr="38" mi="0" ci="5" mb="0" cb="0"/>
            <line nr="39" mi="0" ci="4" mb="0" cb="0"/>
            <line nr="43" mi="0" ci="3" mb="0" cb="0"/>
            <line nr="44" mi="0" ci="8" mb="0" cb="0"/>
            <line nr="45" mi="0" ci="4" mb="0" cb="0"/>
            <line nr="46" mi="0" ci="4" mb="0" cb="0"/>
            <line nr="47" mi="0" ci="1" mb="0" cb="0"/>
            <line nr="48" mi="0" ci="3" mb="0" cb="0"/>
            <line nr="49" mi="0" ci="3" mb="0" cb="0"/>
            <line nr="52" mi="0" ci="4" mb="0" cb="0"/>
            <line nr="53" mi="0" ci="3" mb="0" cb="0"/>
            <line nr="54" mi="0" ci="8" mb="0" cb="0"/>
            <line nr="55" mi="0" ci="5" mb="0" cb="0"/>
            <line nr="56" mi="0" ci="4" mb="0" cb="0"/>
            <line nr="57" mi="0" ci="4" mb="0" cb="0"/>
            <line nr="58" mi="0" ci="1" mb="0" cb="0"/>
            <line nr="59" mi="0" ci="3" mb="0" cb="0"/>
            <line nr="60" mi="0" ci="3" mb="0" cb="0"/>
            <line nr="61" mi="0" ci="1" mb="0" cb="0"/>
            <line nr="64" mi="0" ci="4" mb="0" cb="0"/>
            <line nr="65" mi="0" ci="3" mb="0" cb="0"/>
            <line nr="66" mi="0" ci="8" mb="0" cb="0"/>
            <line nr="67" mi="0" ci="4" mb="0" cb="0"/>
            <line nr="68" mi="0" ci="7" mb="0" cb="0"/>
            <line nr="69" mi="0" ci="4" mb="0" cb="0"/>
            <line nr="70" mi="0" ci="1" mb="0" cb="0"/>
            <line nr="71" mi="0" ci="3" mb="0" cb="0"/>
            <line nr="72" mi="0" ci="3" mb="0" cb="0"/>
            <line nr="73" mi="0" ci="1" mb="0" cb="0"/>
            <line nr="75" mi="0" ci="4" mb="0" cb="0"/>
            <line nr="77" mi="0" ci="3" mb="0" cb="0"/>
            <line nr="78" mi="0" ci="8" mb="0" cb="0"/>
            <line nr="79" mi="0" ci="4" mb="0" cb="0"/>
            <line nr="80" mi="0" ci="4" mb="0" cb="0"/>
            <line nr="81" mi="0" ci="4" mb="0" cb="0"/>
            <line nr="82" mi="0" ci="1" mb="0" cb="0"/>
            <line nr="83" mi="0" ci="3" mb="0" cb="0"/>
            <line nr="84" mi="0" ci="3" mb="0" cb="0"/>
            <line nr="87" mi="0" ci="4" mb="0" cb="0"/>
            <line nr="88" mi="0" ci="3" mb="0" cb="0"/>
            <line nr="89" mi="0" ci="8" mb="0" cb="0"/>
            <line nr="90" mi="0" ci="4" mb="0" cb="0"/>
            <line nr="91" mi="0" ci="7" mb="0" cb="0"/>
            <line nr="92" mi="0" ci="4" mb="0" cb="0"/>
            <line nr="93" mi="0" ci="1" mb="0" cb="0"/>
            <line nr="94" mi="0" ci="3" mb="0" cb="0"/>
            <line nr="95" mi="0" ci="3" mb="0" cb="0"/>
            <line nr="96" mi="0" ci="1" mb="0" cb="0"/>
            <line nr="97" mi="0" ci="1" mb="0" cb="0"/>
            <line nr="100" mi="0" ci="4" mb="0" cb="0"/>
            <line nr="101" mi="0" ci="4" mb="0" cb="0"/>
            <line nr="102" mi="0" ci="3" mb="0" cb="0"/>
            <line nr="103" mi="0" ci="8" mb="0" cb="0"/>
            <line nr="105" mi="0" ci="4" mb="0" cb="0"/>
            <line nr="107" mi="0" ci="4" mb="0" cb="0"/>
            <line nr="108" mi="0" ci="4" mb="0" cb="0"/>
            <line nr="109" mi="0" ci="1" mb="0" cb="0"/>
            <line nr="110" mi="0" ci="3" mb="0" cb="0"/>
            <line nr="111" mi="0" ci="3" mb="0" cb="0"/>
            <line nr="112" mi="0" ci="1" mb="0" cb="0"/>
            <line nr="113" mi="0" ci="1" mb="0" cb="0"/>
            <line nr="115" mi="0" ci="4" mb="0" cb="0"/>
            <line nr="116" mi="0" ci="8" mb="0" cb="0"/>
            <line nr="117" mi="0" ci="4" mb="0" cb="0"/>
            <line nr="118" mi="0" ci="4" mb="0" cb="0"/>
            <line nr="119" mi="0" ci="1" mb="0" cb="0"/>
            <line nr="120" mi="0" ci="1" mb="0" cb="0"/>
            <line nr="121" mi="0" ci="1" mb="0" cb="0"/>
            <line nr="122" mi="0" ci="1" mb="0" cb="0"/>
            <counter type="INSTRUCTION" missed="0" covered="249"/>
            <counter type="LINE" missed="0" covered="70"/>
            <counter type="COMPLEXITY" missed="0" covered="17"/>
            <counter type="METHOD" missed="0" covered="17"/>
            <counter type="CLASS" missed="0" covered="1"/>
        </sourcefile>
        <sourcefile name="reducted">
            <line nr="57" mi="0" ci="4" mb="0" cb="0"/>
            <line nr="59" mi="0" ci="3" mb="0" cb="0"/>
            <line nr="70" mi="0" ci="5" mb="0" cb="0"/>
            <line nr="71" mi="0" ci="5" mb="0" cb="0"/>
            <line nr="74" mi="0" ci="4" mb="0" cb="0"/>
            <line nr="75" mi="0" ci="1" mb="0" cb="0"/>
            <line nr="78" mi="0" ci="4" mb="0" cb="2"/>
            <line nr="79" mi="0" ci="4" mb="0" cb="0"/>
            <line nr="81" mi="0" ci="2" mb="0" cb="0"/>
            <line nr="85" mi="0" ci="4" mb="0" cb="0"/>
            <line nr="86" mi="0" ci="2" mb="0" cb="0"/>
            <line nr="87" mi="0" ci="2" mb="0" cb="0"/>
            <line nr="88" mi="0" ci="2" mb="0" cb="0"/>
            <line nr="90" mi="0" ci="6" mb="0" cb="0"/>
            <line nr="91" mi="0" ci="2" mb="0" cb="0"/>
            <line nr="92" mi="0" ci="2" mb="0" cb="0"/>
            <line nr="93" mi="0" ci="2" mb="0" cb="0"/>
            <line nr="94" mi="0" ci="4" mb="0" cb="0"/>
            <line nr="95" mi="0" ci="6" mb="0" cb="0"/>
            <line nr="96" mi="0" ci="3" mb="0" cb="0"/>
            <line nr="97" mi="0" ci="1" mb="0" cb="0"/>
            <line nr="98" mi="0" ci="1" mb="0" cb="0"/>
            <line nr="100" mi="0" ci="1" mb="0" cb="0"/>
            <line nr="103" mi="0" ci="6" mb="0" cb="0"/>
            <line nr="104" mi="0" ci="4" mb="0" cb="2"/>
            <line nr="105" mi="0" ci="6" mb="0" cb="0"/>
            <line nr="109" mi="0" ci="2" mb="0" cb="0"/>
            <line nr="110" mi="0" ci="1" mb="0" cb="0"/>
            <line nr="111" mi="0" ci="2" mb="0" cb="0"/>
            <line nr="112" mi="0" ci="7" mb="0" cb="0"/>
            <line nr="113" mi="0" ci="1" mb="0" cb="0"/>
            <line nr="114" mi="0" ci="4" mb="0" cb="0"/>
            <line nr="116" mi="0" ci="6" mb="0" cb="0"/>
            <line nr="117" mi="0" ci="9" mb="0" cb="0"/>
            <line nr="119" mi="0" ci="3" mb="0" cb="0"/>
            <line nr="120" mi="0" ci="3" mb="0" cb="0"/>
            <line nr="121" mi="0" ci="3" mb="0" cb="0"/>
            <line nr="122" mi="0" ci="4" mb="0" cb="0"/>
            <line nr="123" mi="0" ci="3" mb="0" cb="0"/>
            <line nr="124" mi="0" ci="2" mb="0" cb="0"/>
            <line nr="125" mi="0" ci="2" mb="0" cb="0"/>
            <line nr="126" mi="0" ci="2" mb="0" cb="0"/>
            <line nr="127" mi="0" ci="4" mb="0" cb="0"/>
            <line nr="128" mi="0" ci="6" mb="0" cb="0"/>
            <line nr="129" mi="0" ci="5" mb="0" cb="0"/>
            <line nr="130" mi="0" ci="2" mb="0" cb="0"/>
            <line nr="131" mi="0" ci="2" mb="0" cb="0"/>
            <line nr="132" mi="0" ci="2" mb="0" cb="0"/>
            <line nr="134" mi="0" ci="4" mb="0" cb="0"/>
            <line nr="135" mi="0" ci="3" mb="0" cb="0"/>
            <line nr="136" mi="0" ci="1" mb="0" cb="0"/>
            <line nr="140" mi="0" ci="7" mb="2" cb="2"/>
            <line nr="141" mi="5" ci="0" mb="0" cb="0"/>
            <line nr="144" mi="0" ci="3" mb="0" cb="0"/>
            <line nr="145" mi="0" ci="2" mb="0" cb="0"/>
            <line nr="146" mi="0" ci="1" mb="0" cb="0"/>
            <line nr="147" mi="0" ci="6" mb="0" cb="0"/>
            <line nr="148" mi="0" ci="3" mb="0" cb="0"/>
            <line nr="149" mi="0" ci="6" mb="0" cb="0"/>
            <line nr="150" mi="0" ci="2" mb="0" cb="0"/>
            <line nr="151" mi="0" ci="1" mb="0" cb="0"/>
            <line nr="152" mi="0" ci="6" mb="0" cb="0"/>
            <line nr="153" mi="0" ci="7" mb="0" cb="0"/>
            <line nr="154" mi="0" ci="11" mb="0" cb="0"/>
            <line nr="155" mi="0" ci="10" mb="0" cb="0"/>
            <line nr="156" mi="0" ci="1" mb="0" cb="0"/>
            <line nr="157" mi="0" ci="4" mb="0" cb="0"/>
            <line nr="158" mi="0" ci="8" mb="0" cb="2"/>
            <line nr="159" mi="0" ci="5" mb="0" cb="0"/>
            <line nr="160" mi="0" ci="13" mb="0" cb="2"/>
            <line nr="161" mi="0" ci="9" mb="0" cb="2"/>
            <line nr="162" mi="0" ci="11" mb="0" cb="0"/>
            <line nr="165" mi="0" ci="3" mb="0" cb="2"/>
            <line nr="166" mi="0" ci="5" mb="0" cb="0"/>
            <line nr="168" mi="0" ci="3" mb="0" cb="0"/>
            <line nr="169" mi="0" ci="1" mb="0" cb="0"/>
            <line nr="173" mi="0" ci="2" mb="0" cb="0"/>
            <line nr="180" mi="0" ci="2" mb="0" cb="0"/>
            <line nr="181" mi="0" ci="3" mb="0" cb="0"/>
            <line nr="182" mi="0" ci="3" mb="0" cb="0"/>
            <line nr="183" mi="0" ci="1" mb="0" cb="0"/>
            <line nr="184" mi="0" ci="2" mb="0" cb="0"/>
            <line nr="186" mi="0" ci="5" mb="0" cb="0"/>
            <line nr="187" mi="0" ci="1" mb="0" cb="0"/>
            <line nr="188" mi="0" ci="2" mb="0" cb="0"/>
            <line nr="189" mi="0" ci="2" mb="0" cb="0"/>
            <line nr="190" mi="0" ci="1" mb="0" cb="0"/>
            <line nr="191" mi="0" ci="1" mb="0" cb="0"/>
            <line nr="195" mi="0" ci="6" mb="0" cb="4"/>
            <line nr="196" mi="0" ci="5" mb="0" cb="0"/>
            <line nr="200" mi="0" ci="8" mb="0" cb="0"/>
            <line nr="201" mi="0" ci="3" mb="0" cb="0"/>
            <line nr="202" mi="0" ci="4" mb="0" cb="0"/>
            <line nr="203" mi="0" ci="3" mb="0" cb="0"/>
            <line nr="204" mi="0" ci="1" mb="0" cb="0"/>
            <line nr="205" mi="0" ci="1" mb="0" cb="0"/>
            <line nr="208" mi="0" ci="8" mb="0" cb="4"/>
            <line nr="209" mi="0" ci="5" mb="0" cb="0"/>
            <line nr="211" mi="0" ci="4" mb="0" cb="0"/>
            <line nr="212" mi="0" ci="4" mb="0" cb="2"/>
            <line nr="213" mi="0" ci="4" mb="0" cb="0"/>
            <line nr="214" mi="0" ci="1" mb="0" cb="0"/>
            <line nr="216" mi="0" ci="2" mb="0" cb="0"/>
            <line nr="217" mi="0" ci="2" mb="0" cb="0"/>
            <line nr="218" mi="0" ci="2" mb="0" cb="0"/>
            <line nr="220" mi="0" ci="5" mb="0" cb="0"/>
            <line nr="221" mi="0" ci="5" mb="0" cb="0"/>
            <line nr="224" mi="0" ci="6" mb="1" cb="3"/>
            <line nr="226" mi="0" ci="1" mb="0" cb="0"/>
            <line nr="228" mi="0" ci="5" mb="0" cb="0"/>
            <line nr="230" mi="0" ci="7" mb="0" cb="0"/>
            <line nr="232" mi="5" ci="0" mb="0" cb="0"/>
            <line nr="233" mi="5" ci="0" mb="0" cb="0"/>
            <line nr="238" mi="0" ci="3" mb="0" cb="2"/>
            <line nr="239" mi="0" ci="5" mb="0" cb="0"/>
            <line nr="241" mi="0" ci="3" mb="0" cb="2"/>
            <line nr="242" mi="0" ci="6" mb="0" cb="0"/>
            <line nr="244" mi="0" ci="4" mb="0" cb="0"/>
            <line nr="245" mi="0" ci="6" mb="0" cb="0"/>
            <line nr="246" mi="0" ci="2" mb="0" cb="0"/>
            <line nr="247" mi="0" ci="2" mb="0" cb="0"/>
            <line nr="248" mi="0" ci="1" mb="0" cb="0"/>
            <line nr="249" mi="0" ci="3" mb="0" cb="0"/>
            <line nr="250" mi="0" ci="2" mb="0" cb="0"/>
            <line nr="251" mi="0" ci="1" mb="0" cb="0"/>
            <line nr="252" mi="0" ci="1" mb="0" cb="0"/>
            <line nr="254" mi="0" ci="6" mb="1" cb="3"/>
            <line nr="256" mi="0" ci="1" mb="0" cb="0"/>
            <line nr="258" mi="0" ci="6" mb="0" cb="0"/>
            <line nr="260" mi="0" ci="6" mb="0" cb="0"/>
            <line nr="262" mi="5" ci="0" mb="0" cb="0"/>
            <line nr="267" mi="0" ci="3" mb="0" cb="0"/>
            <line nr="268" mi="0" ci="3" mb="0" cb="2"/>
            <line nr="269" mi="0" ci="5" mb="0" cb="0"/>
            <line nr="271" mi="0" ci="4" mb="0" cb="2"/>
            <line nr="272" mi="0" ci="6" mb="0" cb="0"/>
            <line nr="274" mi="0" ci="4" mb="0" cb="0"/>
            <line nr="275" mi="0" ci="6" mb="0" cb="0"/>
            <line nr="276" mi="0" ci="2" mb="0" cb="0"/>
            <line nr="277" mi="0" ci="3" mb="0" cb="0"/>
            <line nr="278" mi="0" ci="1" mb="0" cb="0"/>
            <line nr="279" mi="0" ci="3" mb="0" cb="0"/>
            <line nr="280" mi="0" ci="2" mb="0" cb="0"/>
            <line nr="281" mi="0" ci="1" mb="0" cb="0"/>
            <line nr="282" mi="0" ci="1" mb="0" cb="0"/>
            <line nr="284" mi="0" ci="6" mb="1" cb="2"/>
            <line nr="286" mi="0" ci="1" mb="0" cb="0"/>
            <line nr="288" mi="0" ci="6" mb="0" cb="0"/>
            <line nr="290" mi="5" ci="0" mb="0" cb="0"/>
            <line nr="295" mi="0" ci="5" mb="0" cb="0"/>
            <line nr="296" mi="0" ci="5" mb="0" cb="0"/>
            <line nr="297" mi="0" ci="11" mb="0" cb="2"/>
            <line nr="298" mi="0" ci="4" mb="0" cb="0"/>
            <line nr="299" mi="0" ci="1" mb="0" cb="0"/>
            <line nr="300" mi="0" ci="4" mb="0" cb="0"/>
            <line nr="301" mi="0" ci="7" mb="0" cb="0"/>
            <line nr="302" mi="0" ci="3" mb="0" cb="0"/>
            <line nr="303" mi="0" ci="3" mb="0" cb="0"/>
            <line nr="304" mi="0" ci="2" mb="0" cb="0"/>
            <line nr="305" mi="0" ci="1" mb="0" cb="0"/>
            <line nr="306" mi="0" ci="1" mb="0" cb="0"/>
            <counter type="INSTRUCTION" missed="25" covered="576"/>
            <counter type="BRANCH" missed="5" covered="42"/>
            <counter type="LINE" missed="5" covered="156"/>
            <counter type="COMPLEXITY" missed="5" covered="41"/>
            <counter type="METHOD" missed="0" covered="20"/>
            <counter type="CLASS" missed="0" covered="1"/>
        </sourcefile>
        <counter type="INSTRUCTION" missed="25" covered="825"/>
        <counter type="BRANCH" missed="5" covered="42"/>
        <counter type="LINE" missed="5" covered="226"/>
        <counter type="COMPLEXITY" missed="5" covered="58"/>
        <counter type="METHOD" missed="0" covered="37"/>
        <counter type="CLASS" missed="0" covered="2"/>
    </package>
    <counter type="INSTRUCTION" missed="4026" covered="16506"/>
    <counter type="BRANCH" missed="342" covered="688"/>
    <counter type="LINE" missed="1096" covered="4047"/>
    <counter type="COMPLEXITY" missed="500" covered="1159"/>
    <counter type="METHOD" missed="209" covered="874"/>
    <counter type="CLASS" missed="29" covered="153"/>
</report>